epoch,accuracy,loss,val_accuracy,val_loss
0,0.17897777259349823,2.557873487472534,0.4447999894618988,1.7762843370437622
1,0.2919333279132843,2.058640956878662,0.501800000667572,1.5683677196502686
2,0.3630666732788086,1.8315987586975098,0.5392000079154968,1.434848427772522
3,0.41226667165756226,1.679442048072815,0.5626000165939331,1.343794345855713
4,0.45515555143356323,1.5677168369293213,0.5745999813079834,1.280303955078125
5,0.48091110587120056,1.4996552467346191,0.5952000021934509,1.228939414024353
6,0.5076888799667358,1.4281314611434937,0.6087999939918518,1.1917829513549805
7,0.5338888764381409,1.3670800924301147,0.6093999743461609,1.1700010299682617
8,0.5554222464561462,1.3063751459121704,0.6151999831199646,1.1500171422958374
9,0.5748666524887085,1.2511500120162964,0.6150000095367432,1.1462419033050537
10,0.596488893032074,1.1922507286071777,0.6194000244140625,1.1318473815917969
11,0.6093778014183044,1.1598888635635376,0.6259999871253967,1.1360406875610352
12,0.6276888847351074,1.1017756462097168,0.6236000061035156,1.131035327911377
13,0.6456666588783264,1.05903959274292,0.628000020980835,1.1258140802383423
14,0.6621999740600586,1.0056895017623901,0.620199978351593,1.151479959487915
15,0.6736888885498047,0.9717293977737427,0.6215999722480774,1.1589007377624512
16,0.6918888688087463,0.917802631855011,0.626800000667572,1.1587340831756592
17,0.7055110931396484,0.8903914093971252,0.6233999729156494,1.1814135313034058
18,0.7244666814804077,0.8299570083618164,0.6215999722480774,1.1961894035339355
19,0.7543110847473145,0.7457059621810913,0.629800021648407,1.1709133386611938
20,0.763022243976593,0.711255669593811,0.6294000148773193,1.1820353269577026
21,0.7690666913986206,0.695709228515625,0.6294000148773193,1.1859115362167358
22,0.7733111381530762,0.6849293112754822,0.6294000148773193,1.19850492477417
23,0.7801333069801331,0.6712402105331421,0.6259999871253967,1.202002763748169
24,0.7834888696670532,0.6571773290634155,0.6259999871253967,1.2021348476409912
25,0.7829111218452454,0.6536883115768433,0.628000020980835,1.203359842300415
26,0.7833555340766907,0.652501106262207,0.6254000067710876,1.2066733837127686
27,0.7843777537345886,0.6531723737716675,0.628000020980835,1.2031018733978271
28,0.7862666845321655,0.648276150226593,0.6272000074386597,1.20622980594635
29,0.7854222059249878,0.6465904712677002,0.6259999871253967,1.2068884372711182
30,0.7857333421707153,0.6479617953300476,0.6259999871253967,1.2088875770568848
31,0.7851333618164062,0.6518166065216064,0.6266000270843506,1.2106515169143677
32,0.783644437789917,0.6491650342941284,0.6255999803543091,1.2113947868347168
33,0.7839333415031433,0.6460552215576172,0.6255999803543091,1.2126778364181519
34,0.7871333360671997,0.6405858993530273,0.6269999742507935,1.2077316045761108
35,0.7839778065681458,0.6511408686637878,0.6255999803543091,1.2086055278778076
36,0.7888222336769104,0.6441609859466553,0.6262000203132629,1.2091935873031616
37,0.7876222133636475,0.64231938123703,0.6251999735832214,1.207205057144165
38,0.7853778004646301,0.6423947215080261,0.6258000135421753,1.2076375484466553

Epoch 1/150
704/704 [==============================] - 20s 23ms/step - loss: 2.5579 - accuracy: 0.1790 - val_loss: 1.7763 - val_accuracy: 0.4448
Epoch 2/150
704/704 [==============================] - 15s 22ms/step - loss: 2.0586 - accuracy: 0.2919 - val_loss: 1.5684 - val_accuracy: 0.5018
Epoch 3/150
704/704 [==============================] - 16s 22ms/step - loss: 1.8316 - accuracy: 0.3631 - val_loss: 1.4348 - val_accuracy: 0.5392
Epoch 4/150
704/704 [==============================] - 15s 21ms/step - loss: 1.6794 - accuracy: 0.4123 - val_loss: 1.3438 - val_accuracy: 0.5626
Epoch 5/150
704/704 [==============================] - 15s 21ms/step - loss: 1.5677 - accuracy: 0.4552 - val_loss: 1.2803 - val_accuracy: 0.5746
Epoch 6/150
704/704 [==============================] - 15s 21ms/step - loss: 1.4997 - accuracy: 0.4809 - val_loss: 1.2289 - val_accuracy: 0.5952
Epoch 7/150
704/704 [==============================] - 15s 22ms/step - loss: 1.4281 - accuracy: 0.5077 - val_loss: 1.1918 - val_accuracy: 0.6088
Epoch 8/150
704/704 [==============================] - 15s 22ms/step - loss: 1.3671 - accuracy: 0.5339 - val_loss: 1.1700 - val_accuracy: 0.6094
Epoch 9/150
704/704 [==============================] - 15s 21ms/step - loss: 1.3064 - accuracy: 0.5554 - val_loss: 1.1500 - val_accuracy: 0.6152
Epoch 10/150
704/704 [==============================] - 15s 21ms/step - loss: 1.2512 - accuracy: 0.5749 - val_loss: 1.1462 - val_accuracy: 0.6150
Epoch 11/150
704/704 [==============================] - 15s 22ms/step - loss: 1.1923 - accuracy: 0.5965 - val_loss: 1.1318 - val_accuracy: 0.6194
Epoch 12/150
704/704 [==============================] - 15s 22ms/step - loss: 1.1599 - accuracy: 0.6094 - val_loss: 1.1360 - val_accuracy: 0.6260
Epoch 13/150
704/704 [==============================] - 15s 21ms/step - loss: 1.1018 - accuracy: 0.6277 - val_loss: 1.1310 - val_accuracy: 0.6236
Epoch 14/150
704/704 [==============================] - 15s 21ms/step - loss: 1.0590 - accuracy: 0.6457 - val_loss: 1.1258 - val_accuracy: 0.6280
Epoch 15/150
704/704 [==============================] - 15s 22ms/step - loss: 1.0057 - accuracy: 0.6622 - val_loss: 1.1515 - val_accuracy: 0.6202
Epoch 16/150
704/704 [==============================] - 16s 23ms/step - loss: 0.9717 - accuracy: 0.6737 - val_loss: 1.1589 - val_accuracy: 0.6216
Epoch 17/150
704/704 [==============================] - 15s 22ms/step - loss: 0.9178 - accuracy: 0.6919 - val_loss: 1.1587 - val_accuracy: 0.6268
Epoch 18/150
704/704 [==============================] - 15s 21ms/step - loss: 0.8904 - accuracy: 0.7055 - val_loss: 1.1814 - val_accuracy: 0.6234
Epoch 19/150
704/704 [==============================] - 15s 22ms/step - loss: 0.8300 - accuracy: 0.7245 - val_loss: 1.1962 - val_accuracy: 0.6216

Epoch 00019: ReduceLROnPlateau reducing learning rate to 9.999999747378752e-06.
Epoch 20/150
704/704 [==============================] - 16s 22ms/step - loss: 0.7457 - accuracy: 0.7543 - val_loss: 1.1709 - val_accuracy: 0.6298
Epoch 21/150
704/704 [==============================] - 15s 22ms/step - loss: 0.7113 - accuracy: 0.7630 - val_loss: 1.1820 - val_accuracy: 0.6294
Epoch 22/150
704/704 [==============================] - 16s 23ms/step - loss: 0.6957 - accuracy: 0.7691 - val_loss: 1.1859 - val_accuracy: 0.6294
Epoch 23/150
704/704 [==============================] - 15s 22ms/step - loss: 0.6849 - accuracy: 0.7733 - val_loss: 1.1985 - val_accuracy: 0.6294
Epoch 24/150
704/704 [==============================] - 15s 21ms/step - loss: 0.6712 - accuracy: 0.7801 - val_loss: 1.2020 - val_accuracy: 0.6260

Epoch 00024: ReduceLROnPlateau reducing learning rate to 9.999999747378752e-07.
Epoch 25/150
704/704 [==============================] - 15s 21ms/step - loss: 0.6572 - accuracy: 0.7835 - val_loss: 1.2021 - val_accuracy: 0.6260
Epoch 26/150
704/704 [==============================] - 15s 22ms/step - loss: 0.6537 - accuracy: 0.7829 - val_loss: 1.2034 - val_accuracy: 0.6280
Epoch 27/150
704/704 [==============================] - 15s 22ms/step - loss: 0.6525 - accuracy: 0.7834 - val_loss: 1.2067 - val_accuracy: 0.6254
Epoch 28/150
704/704 [==============================] - 15s 21ms/step - loss: 0.6532 - accuracy: 0.7844 - val_loss: 1.2031 - val_accuracy: 0.6280
Epoch 29/150
704/704 [==============================] - 15s 21ms/step - loss: 0.6483 - accuracy: 0.7863 - val_loss: 1.2062 - val_accuracy: 0.6272

Epoch 00029: ReduceLROnPlateau reducing learning rate to 9.999999974752428e-08.
Epoch 30/150
704/704 [==============================] - 15s 22ms/step - loss: 0.6466 - accuracy: 0.7854 - val_loss: 1.2069 - val_accuracy: 0.6260
Epoch 31/150
704/704 [==============================] - 16s 22ms/step - loss: 0.6480 - accuracy: 0.7857 - val_loss: 1.2089 - val_accuracy: 0.6260
Epoch 32/150
704/704 [==============================] - 15s 21ms/step - loss: 0.6518 - accuracy: 0.7851 - val_loss: 1.2107 - val_accuracy: 0.6266
Epoch 33/150
704/704 [==============================] - 15s 21ms/step - loss: 0.6492 - accuracy: 0.7836 - val_loss: 1.2114 - val_accuracy: 0.6256
Epoch 34/150
704/704 [==============================] - 15s 21ms/step - loss: 0.6461 - accuracy: 0.7839 - val_loss: 1.2127 - val_accuracy: 0.6256

Epoch 00034: ReduceLROnPlateau reducing learning rate to 1.0000000116860975e-08.
Epoch 35/150
704/704 [==============================] - 16s 22ms/step - loss: 0.6406 - accuracy: 0.7871 - val_loss: 1.2077 - val_accuracy: 0.6270
Epoch 36/150
704/704 [==============================] - 15s 22ms/step - loss: 0.6511 - accuracy: 0.7840 - val_loss: 1.2086 - val_accuracy: 0.6256
Epoch 37/150
704/704 [==============================] - 15s 21ms/step - loss: 0.6442 - accuracy: 0.7888 - val_loss: 1.2092 - val_accuracy: 0.6262
Epoch 38/150
704/704 [==============================] - 15s 21ms/step - loss: 0.6423 - accuracy: 0.7876 - val_loss: 1.2072 - val_accuracy: 0.6252
Epoch 39/150
704/704 [==============================] - 15s 22ms/step - loss: 0.6424 - accuracy: 0.7854 - val_loss: 1.2076 - val_accuracy: 0.6258

Epoch 00039: ReduceLROnPlateau reducing learning rate to 9.999999939225292e-10.
