This is pdfTeX, Version 3.141592653-2.6-1.40.22 (MiKTeX 21.3) (preloaded format=pdflatex 2021.4.23)  25 APR 2021 19:23
entering extended mode
**./report.tex
(report.tex
LaTeX2e <2020-10-01> patch level 4
L3 programming layer <2021-02-18>
(C:\Users\saeny\AppData\Local\Programs\MiKTeX\tex/latex/base\article.cls
Document Class: article 2020/04/10 v1.4m Standard LaTeX document class
(C:\Users\saeny\AppData\Local\Programs\MiKTeX\tex/latex/base\size11.clo
File: size11.clo 2020/04/10 v1.4m Standard LaTeX file (size option)
)
\c@part=\count179
\c@section=\count180
\c@subsection=\count181
\c@subsubsection=\count182
\c@paragraph=\count183
\c@subparagraph=\count184
\c@figure=\count185
\c@table=\count186
\abovecaptionskip=\skip47
\belowcaptionskip=\skip48
\bibindent=\dimen138
)
(Packages.tex
(C:\Users\saeny\AppData\Local\Programs\MiKTeX\tex/latex/tcolorbox\tcolorbox.sty
Package: tcolorbox 2020/10/09 version 4.42 text color boxes
(C:\Users\saeny\AppData\Local\Programs\MiKTeX\tex/latex/pgf/basiclayer\pgf.sty
(C:\Users\saeny\AppData\Local\Programs\MiKTeX\tex/latex/pgf/utilities\pgfrcs.st
y
(C:\Users\saeny\AppData\Local\Programs\MiKTeX\tex/generic/pgf/utilities\pgfutil
-common.tex
\pgfutil@everybye=\toks15
\pgfutil@tempdima=\dimen139
\pgfutil@tempdimb=\dimen140

(C:\Users\saeny\AppData\Local\Programs\MiKTeX\tex/generic/pgf/utilities\pgfutil
-common-lists.tex))
(C:\Users\saeny\AppData\Local\Programs\MiKTeX\tex/generic/pgf/utilities\pgfutil
-latex.def
\pgfutil@abb=\box47
)
(C:\Users\saeny\AppData\Local\Programs\MiKTeX\tex/generic/pgf/utilities\pgfrcs.
code.tex
(C:\Users\saeny\AppData\Local\Programs\MiKTeX\tex/generic/pgf\pgf.revision.tex)
Package: pgfrcs 2020/12/27 v3.1.8b (3.1.8b)
))
Package: pgf 2020/12/27 v3.1.8b (3.1.8b)

(C:\Users\saeny\AppData\Local\Programs\MiKTeX\tex/latex/pgf/basiclayer\pgfcore.
sty
(C:\Users\saeny\AppData\Local\Programs\MiKTeX\tex/latex/graphics\graphicx.sty
Package: graphicx 2020/09/09 v1.2b Enhanced LaTeX Graphics (DPC,SPQR)

(C:\Users\saeny\AppData\Local\Programs\MiKTeX\tex/latex/graphics\keyval.sty
Package: keyval 2014/10/28 v1.15 key=value parser (DPC)
\KV@toks@=\toks16
)
(C:\Users\saeny\AppData\Local\Programs\MiKTeX\tex/latex/graphics\graphics.sty
Package: graphics 2020/08/30 v1.4c Standard LaTeX Graphics (DPC,SPQR)

(C:\Users\saeny\AppData\Local\Programs\MiKTeX\tex/latex/graphics\trig.sty
Package: trig 2016/01/03 v1.10 sin cos tan (DPC)
)
(C:\Users\saeny\AppData\Local\Programs\MiKTeX\tex/latex/graphics-cfg\graphics.c
fg
File: graphics.cfg 2016/06/04 v1.11 sample graphics configuration
)
Package graphics Info: Driver file: pdftex.def on input line 105.

(C:\Users\saeny\AppData\Local\Programs\MiKTeX\tex/latex/graphics-def\pdftex.def
File: pdftex.def 2020/10/05 v1.2a Graphics/color driver for pdftex
))
\Gin@req@height=\dimen141
\Gin@req@width=\dimen142
)
(C:\Users\saeny\AppData\Local\Programs\MiKTeX\tex/latex/pgf/systemlayer\pgfsys.
sty
(C:\Users\saeny\AppData\Local\Programs\MiKTeX\tex/generic/pgf/systemlayer\pgfsy
s.code.tex
Package: pgfsys 2020/12/27 v3.1.8b (3.1.8b)

(C:\Users\saeny\AppData\Local\Programs\MiKTeX\tex/generic/pgf/utilities\pgfkeys
.code.tex
\pgfkeys@pathtoks=\toks17
\pgfkeys@temptoks=\toks18

(C:\Users\saeny\AppData\Local\Programs\MiKTeX\tex/generic/pgf/utilities\pgfkeys
filtered.code.tex
\pgfkeys@tmptoks=\toks19
))
\pgf@x=\dimen143
\pgf@y=\dimen144
\pgf@xa=\dimen145
\pgf@ya=\dimen146
\pgf@xb=\dimen147
\pgf@yb=\dimen148
\pgf@xc=\dimen149
\pgf@yc=\dimen150
\pgf@xd=\dimen151
\pgf@yd=\dimen152
\w@pgf@writea=\write3
\r@pgf@reada=\read2
\c@pgf@counta=\count187
\c@pgf@countb=\count188
\c@pgf@countc=\count189
\c@pgf@countd=\count190
\t@pgf@toka=\toks20
\t@pgf@tokb=\toks21
\t@pgf@tokc=\toks22
\pgf@sys@id@count=\count191

(C:\Users\saeny\AppData\Local\Programs\MiKTeX\tex/generic/pgf/systemlayer\pgf.c
fg
File: pgf.cfg 2020/12/27 v3.1.8b (3.1.8b)
)
Driver file for pgf: pgfsys-pdftex.def

(C:\Users\saeny\AppData\Local\Programs\MiKTeX\tex/generic/pgf/systemlayer\pgfsy
s-pdftex.def
File: pgfsys-pdftex.def 2020/12/27 v3.1.8b (3.1.8b)

(C:\Users\saeny\AppData\Local\Programs\MiKTeX\tex/generic/pgf/systemlayer\pgfsy
s-common-pdf.def
File: pgfsys-common-pdf.def 2020/12/27 v3.1.8b (3.1.8b)
)))
(C:\Users\saeny\AppData\Local\Programs\MiKTeX\tex/generic/pgf/systemlayer\pgfsy
ssoftpath.code.tex
File: pgfsyssoftpath.code.tex 2020/12/27 v3.1.8b (3.1.8b)
\pgfsyssoftpath@smallbuffer@items=\count192
\pgfsyssoftpath@bigbuffer@items=\count193
)
(C:\Users\saeny\AppData\Local\Programs\MiKTeX\tex/generic/pgf/systemlayer\pgfsy
sprotocol.code.tex
File: pgfsysprotocol.code.tex 2020/12/27 v3.1.8b (3.1.8b)
))
(C:\Users\saeny\AppData\Local\Programs\MiKTeX\tex/latex/xcolor\xcolor.sty
Package: xcolor 2016/05/11 v2.12 LaTeX color extensions (UK)

(C:\Users\saeny\AppData\Local\Programs\MiKTeX\tex/latex/graphics-cfg\color.cfg
File: color.cfg 2016/01/02 v1.6 sample color configuration
)
Package xcolor Info: Driver file: pdftex.def on input line 225.
Package xcolor Info: Model `cmy' substituted by `cmy0' on input line 1348.
Package xcolor Info: Model `hsb' substituted by `rgb' on input line 1352.
Package xcolor Info: Model `RGB' extended on input line 1364.
Package xcolor Info: Model `HTML' substituted by `rgb' on input line 1366.
Package xcolor Info: Model `Hsb' substituted by `hsb' on input line 1367.
Package xcolor Info: Model `tHsb' substituted by `hsb' on input line 1368.
Package xcolor Info: Model `HSB' substituted by `hsb' on input line 1369.
Package xcolor Info: Model `Gray' substituted by `gray' on input line 1370.
Package xcolor Info: Model `wave' substituted by `hsb' on input line 1371.
)
(C:\Users\saeny\AppData\Local\Programs\MiKTeX\tex/generic/pgf/basiclayer\pgfcor
e.code.tex
Package: pgfcore 2020/12/27 v3.1.8b (3.1.8b)

(C:\Users\saeny\AppData\Local\Programs\MiKTeX\tex/generic/pgf/math\pgfmath.code
.tex
(C:\Users\saeny\AppData\Local\Programs\MiKTeX\tex/generic/pgf/math\pgfmathcalc.
code.tex
(C:\Users\saeny\AppData\Local\Programs\MiKTeX\tex/generic/pgf/math\pgfmathutil.
code.tex)
(C:\Users\saeny\AppData\Local\Programs\MiKTeX\tex/generic/pgf/math\pgfmathparse
r.code.tex
\pgfmath@dimen=\dimen153
\pgfmath@count=\count194
\pgfmath@box=\box48
\pgfmath@toks=\toks23
\pgfmath@stack@operand=\toks24
\pgfmath@stack@operation=\toks25
)
(C:\Users\saeny\AppData\Local\Programs\MiKTeX\tex/generic/pgf/math\pgfmathfunct
ions.code.tex
(C:\Users\saeny\AppData\Local\Programs\MiKTeX\tex/generic/pgf/math\pgfmathfunct
ions.basic.code.tex)
(C:\Users\saeny\AppData\Local\Programs\MiKTeX\tex/generic/pgf/math\pgfmathfunct
ions.trigonometric.code.tex)
(C:\Users\saeny\AppData\Local\Programs\MiKTeX\tex/generic/pgf/math\pgfmathfunct
ions.random.code.tex)
(C:\Users\saeny\AppData\Local\Programs\MiKTeX\tex/generic/pgf/math\pgfmathfunct
ions.comparison.code.tex)
(C:\Users\saeny\AppData\Local\Programs\MiKTeX\tex/generic/pgf/math\pgfmathfunct
ions.base.code.tex)
(C:\Users\saeny\AppData\Local\Programs\MiKTeX\tex/generic/pgf/math\pgfmathfunct
ions.round.code.tex)
(C:\Users\saeny\AppData\Local\Programs\MiKTeX\tex/generic/pgf/math\pgfmathfunct
ions.misc.code.tex)
(C:\Users\saeny\AppData\Local\Programs\MiKTeX\tex/generic/pgf/math\pgfmathfunct
ions.integerarithmetics.code.tex)))
(C:\Users\saeny\AppData\Local\Programs\MiKTeX\tex/generic/pgf/math\pgfmathfloat
.code.tex
\c@pgfmathroundto@lastzeros=\count195
))
(C:\Users\saeny\AppData\Local\Programs\MiKTeX\tex/generic/pgf/math\pgfint.code.
tex)
(C:\Users\saeny\AppData\Local\Programs\MiKTeX\tex/generic/pgf/basiclayer\pgfcor
epoints.code.tex
File: pgfcorepoints.code.tex 2020/12/27 v3.1.8b (3.1.8b)
\pgf@picminx=\dimen154
\pgf@picmaxx=\dimen155
\pgf@picminy=\dimen156
\pgf@picmaxy=\dimen157
\pgf@pathminx=\dimen158
\pgf@pathmaxx=\dimen159
\pgf@pathminy=\dimen160
\pgf@pathmaxy=\dimen161
\pgf@xx=\dimen162
\pgf@xy=\dimen163
\pgf@yx=\dimen164
\pgf@yy=\dimen165
\pgf@zx=\dimen166
\pgf@zy=\dimen167
)
(C:\Users\saeny\AppData\Local\Programs\MiKTeX\tex/generic/pgf/basiclayer\pgfcor
epathconstruct.code.tex
File: pgfcorepathconstruct.code.tex 2020/12/27 v3.1.8b (3.1.8b)
\pgf@path@lastx=\dimen168
\pgf@path@lasty=\dimen169
)
(C:\Users\saeny\AppData\Local\Programs\MiKTeX\tex/generic/pgf/basiclayer\pgfcor
epathusage.code.tex
File: pgfcorepathusage.code.tex 2020/12/27 v3.1.8b (3.1.8b)
\pgf@shorten@end@additional=\dimen170
\pgf@shorten@start@additional=\dimen171
)
(C:\Users\saeny\AppData\Local\Programs\MiKTeX\tex/generic/pgf/basiclayer\pgfcor
escopes.code.tex
File: pgfcorescopes.code.tex 2020/12/27 v3.1.8b (3.1.8b)
\pgfpic=\box49
\pgf@hbox=\box50
\pgf@layerbox@main=\box51
\pgf@picture@serial@count=\count196
)
(C:\Users\saeny\AppData\Local\Programs\MiKTeX\tex/generic/pgf/basiclayer\pgfcor
egraphicstate.code.tex
File: pgfcoregraphicstate.code.tex 2020/12/27 v3.1.8b (3.1.8b)
\pgflinewidth=\dimen172
)
(C:\Users\saeny\AppData\Local\Programs\MiKTeX\tex/generic/pgf/basiclayer\pgfcor
etransformations.code.tex
File: pgfcoretransformations.code.tex 2020/12/27 v3.1.8b (3.1.8b)
\pgf@pt@x=\dimen173
\pgf@pt@y=\dimen174
\pgf@pt@temp=\dimen175
)
(C:\Users\saeny\AppData\Local\Programs\MiKTeX\tex/generic/pgf/basiclayer\pgfcor
equick.code.tex
File: pgfcorequick.code.tex 2020/12/27 v3.1.8b (3.1.8b)
)
(C:\Users\saeny\AppData\Local\Programs\MiKTeX\tex/generic/pgf/basiclayer\pgfcor
eobjects.code.tex
File: pgfcoreobjects.code.tex 2020/12/27 v3.1.8b (3.1.8b)
)
(C:\Users\saeny\AppData\Local\Programs\MiKTeX\tex/generic/pgf/basiclayer\pgfcor
epathprocessing.code.tex
File: pgfcorepathprocessing.code.tex 2020/12/27 v3.1.8b (3.1.8b)
)
(C:\Users\saeny\AppData\Local\Programs\MiKTeX\tex/generic/pgf/basiclayer\pgfcor
earrows.code.tex
File: pgfcorearrows.code.tex 2020/12/27 v3.1.8b (3.1.8b)
\pgfarrowsep=\dimen176
)
(C:\Users\saeny\AppData\Local\Programs\MiKTeX\tex/generic/pgf/basiclayer\pgfcor
eshade.code.tex
File: pgfcoreshade.code.tex 2020/12/27 v3.1.8b (3.1.8b)
\pgf@max=\dimen177
\pgf@sys@shading@range@num=\count197
\pgf@shadingcount=\count198
)
(C:\Users\saeny\AppData\Local\Programs\MiKTeX\tex/generic/pgf/basiclayer\pgfcor
eimage.code.tex
File: pgfcoreimage.code.tex 2020/12/27 v3.1.8b (3.1.8b)

(C:\Users\saeny\AppData\Local\Programs\MiKTeX\tex/generic/pgf/basiclayer\pgfcor
eexternal.code.tex
File: pgfcoreexternal.code.tex 2020/12/27 v3.1.8b (3.1.8b)
\pgfexternal@startupbox=\box52
))
(C:\Users\saeny\AppData\Local\Programs\MiKTeX\tex/generic/pgf/basiclayer\pgfcor
elayers.code.tex
File: pgfcorelayers.code.tex 2020/12/27 v3.1.8b (3.1.8b)
)
(C:\Users\saeny\AppData\Local\Programs\MiKTeX\tex/generic/pgf/basiclayer\pgfcor
etransparency.code.tex
File: pgfcoretransparency.code.tex 2020/12/27 v3.1.8b (3.1.8b)
)
(C:\Users\saeny\AppData\Local\Programs\MiKTeX\tex/generic/pgf/basiclayer\pgfcor
epatterns.code.tex
File: pgfcorepatterns.code.tex 2020/12/27 v3.1.8b (3.1.8b)
)
(C:\Users\saeny\AppData\Local\Programs\MiKTeX\tex/generic/pgf/basiclayer\pgfcor
erdf.code.tex
File: pgfcorerdf.code.tex 2020/12/27 v3.1.8b (3.1.8b)
)))
(C:\Users\saeny\AppData\Local\Programs\MiKTeX\tex/generic/pgf/modules\pgfmodule
shapes.code.tex
File: pgfmoduleshapes.code.tex 2020/12/27 v3.1.8b (3.1.8b)
\pgfnodeparttextbox=\box53
)
(C:\Users\saeny\AppData\Local\Programs\MiKTeX\tex/generic/pgf/modules\pgfmodule
plot.code.tex
File: pgfmoduleplot.code.tex 2020/12/27 v3.1.8b (3.1.8b)
)
(C:\Users\saeny\AppData\Local\Programs\MiKTeX\tex/latex/pgf/compatibility\pgfco
mp-version-0-65.sty
Package: pgfcomp-version-0-65 2020/12/27 v3.1.8b (3.1.8b)
\pgf@nodesepstart=\dimen178
\pgf@nodesepend=\dimen179
)
(C:\Users\saeny\AppData\Local\Programs\MiKTeX\tex/latex/pgf/compatibility\pgfco
mp-version-1-18.sty
Package: pgfcomp-version-1-18 2020/12/27 v3.1.8b (3.1.8b)
))
(C:\Users\saeny\AppData\Local\Programs\MiKTeX\tex/latex/latex-tools\verbatim.st
y
Package: verbatim 2020-07-07 v1.5u LaTeX2e package for verbatim enhancements
\every@verbatim=\toks26
\verbatim@line=\toks27
\verbatim@in@stream=\read3
) (C:\Users\saeny\AppData\Local\Programs\MiKTeX\tex/latex/environ\environ.sty
Package: environ 2014/05/04 v0.3 A new way to define environments

(C:\Users\saeny\AppData\Local\Programs\MiKTeX\tex/latex/trimspaces\trimspaces.s
ty
Package: trimspaces 2009/09/17 v1.1 Trim spaces around a token list
)
\@envbody=\toks28
)
(C:\Users\saeny\AppData\Local\Programs\MiKTeX\tex/latex/etoolbox\etoolbox.sty
Package: etoolbox 2020/10/05 v2.5k e-TeX tools for LaTeX (JAW)
\etb@tempcnta=\count199
)
\tcb@titlebox=\box54
\tcb@upperbox=\box55
\tcb@lowerbox=\box56
\tcb@phantombox=\box57
\c@tcbbreakpart=\count266
\c@tcblayer=\count267
\c@tcolorbox@number=\count268
\tcb@temp=\box58
\tcb@temp=\box59
\tcb@temp=\box60
\tcb@temp=\box61
\tcb@out=\write4
\tcb@record@out=\write5

(C:\Users\saeny\AppData\Local\Programs\MiKTeX\tex/latex/tcolorbox\tcbbreakable.
code.tex
Library (tcolorbox): 'tcbbreakable.code.tex' version '4.42'
(C:\Users\saeny\AppData\Local\Programs\MiKTeX\tex/generic/oberdiek\pdfcol.sty
Package: pdfcol 2019/12/29 v1.6 Handle new color stacks for pdfTeX (HO)

(C:\Users\saeny\AppData\Local\Programs\MiKTeX\tex/generic/ltxcmds\ltxcmds.sty
Package: ltxcmds 2020-05-10 v1.25 LaTeX kernel commands for general use (HO)
)
(C:\Users\saeny\AppData\Local\Programs\MiKTeX\tex/generic/infwarerr\infwarerr.s
ty
Package: infwarerr 2019/12/03 v1.5 Providing info/warning/error messages (HO)
) (C:\Users\saeny\AppData\Local\Programs\MiKTeX\tex/generic/iftex\iftex.sty
Package: iftex 2020/03/06 v1.0d TeX engine tests
))
Package pdfcol Info: New color stack `tcb@breakable' = 1 on input line 23.
\tcb@testbox=\box62
\tcb@totalupperbox=\box63
\tcb@totallowerbox=\box64
)) (C:\Users\saeny\AppData\Local\Programs\MiKTeX\tex/latex/float\float.sty
Package: float 2001/11/08 v1.3d Float enhancements (AL)
\c@float@type=\count269
\float@exts=\toks29
\float@box=\box65
\@float@everytoks=\toks30
\@floatcapt=\box66
)
(C:\Users\saeny\AppData\Local\Programs\MiKTeX\tex/latex/latex-tools\multicol.st
y
Package: multicol 2019/12/09 v1.8y multicolumn formatting (FMi)
\c@tracingmulticols=\count270
\mult@box=\box67
\multicol@leftmargin=\dimen180
\c@unbalance=\count271
\c@collectmore=\count272
\doublecol@number=\count273
\multicoltolerance=\count274
\multicolpretolerance=\count275
\full@width=\dimen181
\page@free=\dimen182
\premulticols=\dimen183
\postmulticols=\dimen184
\multicolsep=\skip49
\multicolbaselineskip=\skip50
\partial@page=\box68
\last@line=\box69
\maxbalancingoverflow=\dimen185
\mult@rightbox=\box70
\mult@grightbox=\box71
\mult@gfirstbox=\box72
\mult@firstbox=\box73
\@tempa=\box74
\@tempa=\box75
\@tempa=\box76
\@tempa=\box77
\@tempa=\box78
\@tempa=\box79
\@tempa=\box80
\@tempa=\box81
\@tempa=\box82
\@tempa=\box83
\@tempa=\box84
\@tempa=\box85
\@tempa=\box86
\@tempa=\box87
\@tempa=\box88
\@tempa=\box89
\@tempa=\box90
\@tempa=\box91
\@tempa=\box92
\@tempa=\box93
\@tempa=\box94
\@tempa=\box95
\@tempa=\box96
\@tempa=\box97
\@tempa=\box98
\@tempa=\box99
\@tempa=\box100
\@tempa=\box101
\@tempa=\box102
\@tempa=\box103
\@tempa=\box104
\@tempa=\box105
\@tempa=\box106
\@tempa=\box107
\@tempa=\box108
\@tempa=\box109
\@tempa=\box110
\c@minrows=\count276
\c@columnbadness=\count277
\c@finalcolumnbadness=\count278
\last@try=\dimen186
\multicolovershoot=\dimen187
\multicolundershoot=\dimen188
\mult@nat@firstbox=\box111
\colbreak@box=\box112
\mc@col@check@num=\count279
) (C:\Users\saeny\AppData\Local\Programs\MiKTeX\tex/generic/babel\babel.sty
Package: babel 2021/04/07 3.57 The Babel package

(C:\Users\saeny\AppData\Local\Programs\MiKTeX\tex/generic/babel\babel.def
File: babel.def 2021/04/07 3.57 Babel common definitions
\babel@savecnt=\count280
\U@D=\dimen189
\l@babelnohyphens=\language79

(C:\Users\saeny\AppData\Local\Programs\MiKTeX\tex/generic/babel\txtbabel.def)
\bbl@readstream=\read4
)
\bbl@dirlevel=\count281

*************************************
* Local config file bblopts.cfg used
*
(C:\Users\saeny\AppData\Local\Programs\MiKTeX\tex/latex/arabi\bblopts.cfg
File: bblopts.cfg 2005/09/08 v0.1 add Arabic and Farsi to "declared" options of
 babel
)
(C:\Users\saeny\AppData\Local\Programs\MiKTeX\tex/latex/babel-english\english.l
df
Language: english 2017/06/06 v3.3r English support from the babel system
Package babel Info: \l@canadian = using hyphenrules for english
(babel)             (\language0) on input line 102.
Package babel Info: \l@australian = using hyphenrules for ukenglish
(babel)             (\language73) on input line 105.
Package babel Info: \l@newzealand = using hyphenrules for ukenglish
(babel)             (\language73) on input line 108.
))
(C:\Users\saeny\AppData\Local\Programs\MiKTeX\tex/latex/latex-tools\tabularx.st
y
Package: tabularx 2020/01/15 v2.11c `tabularx' package (DPC)
 (C:\Users\saeny\AppData\Local\Programs\MiKTeX\tex/latex/latex-tools\array.sty
Package: array 2020/10/01 v2.5c Tabular extension package (FMi)
\col@sep=\dimen190
\ar@mcellbox=\box113
\extrarowheight=\dimen191
\NC@list=\toks31
\extratabsurround=\skip51
\backup@length=\skip52
\ar@cellbox=\box114
)
\TX@col@width=\dimen192
\TX@old@table=\dimen193
\TX@old@col=\dimen194
\TX@target=\dimen195
\TX@delta=\dimen196
\TX@cols=\count282
\TX@ftn=\toks32
)
(C:\Users\saeny\AppData\Local\Programs\MiKTeX\tex/latex/subfigure\subfigure.sty
Package: subfigure 2002/07/30 v2.1.4 subfigure package
\subfigtopskip=\skip53
\subfigcapskip=\skip54
\subfigcaptopadj=\dimen197
\subfigbottomskip=\skip55
\subfigcapmargin=\dimen198
\subfiglabelskip=\skip56
\c@subfigure=\count283
\c@lofdepth=\count284
\c@subtable=\count285
\c@lotdepth=\count286
****************************************
* Local config file subfigure.cfg used *
****************************************

(C:\Users\saeny\AppData\Local\Programs\MiKTeX\tex/latex/subfigure\subfigure.cfg
)
\subfig@top=\skip57
\subfig@bottom=\skip58
) (C:\Users\saeny\AppData\Local\Programs\MiKTeX\tex/latex/picture\picture.sty
Package: picture 2020-04-22 v1.6 Dimens for picture macros (HO)
Package picture Info: Calculation method: etex.
) (C:\Users\saeny\AppData\Local\Programs\MiKTeX\tex/latex/amsmath\amsmath.sty
Package: amsmath 2020/09/23 v2.17i AMS math features
\@mathmargin=\skip59

For additional information on amsmath, use the `?' option.
(C:\Users\saeny\AppData\Local\Programs\MiKTeX\tex/latex/amsmath\amstext.sty
Package: amstext 2000/06/29 v2.01 AMS text

(C:\Users\saeny\AppData\Local\Programs\MiKTeX\tex/latex/amsmath\amsgen.sty
File: amsgen.sty 1999/11/30 v2.0 generic functions
\@emptytoks=\toks33
\ex@=\dimen199
))
(C:\Users\saeny\AppData\Local\Programs\MiKTeX\tex/latex/amsmath\amsbsy.sty
Package: amsbsy 1999/11/29 v1.2d Bold Symbols
\pmbraise@=\dimen256
)
(C:\Users\saeny\AppData\Local\Programs\MiKTeX\tex/latex/amsmath\amsopn.sty
Package: amsopn 2016/03/08 v2.02 operator names
)
\inf@bad=\count287
LaTeX Info: Redefining \frac on input line 234.
\uproot@=\count288
\leftroot@=\count289
LaTeX Info: Redefining \overline on input line 399.
\classnum@=\count290
\DOTSCASE@=\count291
LaTeX Info: Redefining \ldots on input line 496.
LaTeX Info: Redefining \dots on input line 499.
LaTeX Info: Redefining \cdots on input line 620.
\Mathstrutbox@=\box115
\strutbox@=\box116
\big@size=\dimen257
LaTeX Font Info:    Redeclaring font encoding OML on input line 743.
LaTeX Font Info:    Redeclaring font encoding OMS on input line 744.
\macc@depth=\count292
\c@MaxMatrixCols=\count293
\dotsspace@=\muskip16
\c@parentequation=\count294
\dspbrk@lvl=\count295
\tag@help=\toks34
\row@=\count296
\column@=\count297
\maxfields@=\count298
\andhelp@=\toks35
\eqnshift@=\dimen258
\alignsep@=\dimen259
\tagshift@=\dimen260
\tagwidth@=\dimen261
\totwidth@=\dimen262
\lineht@=\dimen263
\@envbody=\toks36
\multlinegap=\skip60
\multlinetaggap=\skip61
\mathdisplay@stack=\toks37
LaTeX Info: Redefining \[ on input line 2923.
LaTeX Info: Redefining \] on input line 2924.
)
(C:\Users\saeny\AppData\Local\Programs\MiKTeX\tex/latex/hyperref\hyperref.sty
Package: hyperref 2021-02-27 v7.00k Hypertext links for LaTeX

(C:\Users\saeny\AppData\Local\Programs\MiKTeX\tex/generic/pdftexcmds\pdftexcmds
.sty
Package: pdftexcmds 2020-06-27 v0.33 Utility functions of pdfTeX for LuaTeX (HO
)
Package pdftexcmds Info: \pdf@primitive is available.
Package pdftexcmds Info: \pdf@ifprimitive is available.
Package pdftexcmds Info: \pdfdraftmode found.
)
(C:\Users\saeny\AppData\Local\Programs\MiKTeX\tex/generic/kvsetkeys\kvsetkeys.s
ty
Package: kvsetkeys 2019/12/15 v1.18 Key value parser (HO)
)
(C:\Users\saeny\AppData\Local\Programs\MiKTeX\tex/generic/kvdefinekeys\kvdefine
keys.sty
Package: kvdefinekeys 2019-12-19 v1.6 Define keys (HO)
)
(C:\Users\saeny\AppData\Local\Programs\MiKTeX\tex/generic/pdfescape\pdfescape.s
ty
Package: pdfescape 2019/12/09 v1.15 Implements pdfTeX's escape features (HO)
) (C:\Users\saeny\AppData\Local\Programs\MiKTeX\tex/latex/hycolor\hycolor.sty
Package: hycolor 2020-01-27 v1.10 Color options for hyperref/bookmark (HO)
)
(C:\Users\saeny\AppData\Local\Programs\MiKTeX\tex/latex/letltxmacro\letltxmacro
.sty
Package: letltxmacro 2019/12/03 v1.6 Let assignment for LaTeX macros (HO)
)
(C:\Users\saeny\AppData\Local\Programs\MiKTeX\tex/latex/auxhook\auxhook.sty
Package: auxhook 2019-12-17 v1.6 Hooks for auxiliary files (HO)
)
(C:\Users\saeny\AppData\Local\Programs\MiKTeX\tex/latex/kvoptions\kvoptions.sty
Package: kvoptions 2020-10-07 v3.14 Key value format for package options (HO)
)
\@linkdim=\dimen264
\Hy@linkcounter=\count299
\Hy@pagecounter=\count300
 (C:\Users\saeny\AppData\Local\Programs\MiKTeX\tex/latex/hyperref\pd1enc.def
File: pd1enc.def 2021-02-27 v7.00k Hyperref: PDFDocEncoding definition (HO)
Now handling font encoding PD1 ...
... no UTF-8 mapping file for font encoding PD1
)
(C:\Users\saeny\AppData\Local\Programs\MiKTeX\tex/latex/hyperref\hyperref-langp
atches.def
File: hyperref-langpatches.def 2021-02-27 v7.00k Hyperref: patches for babel la
nguages
)
(C:\Users\saeny\AppData\Local\Programs\MiKTeX\tex/generic/intcalc\intcalc.sty
Package: intcalc 2019/12/15 v1.3 Expandable calculations with integers (HO)
)
(C:\Users\saeny\AppData\Local\Programs\MiKTeX\tex/generic/etexcmds\etexcmds.sty
Package: etexcmds 2019/12/15 v1.7 Avoid name clashes with e-TeX commands (HO)
)
\Hy@SavedSpaceFactor=\count301
 (C:\Users\saeny\AppData\Local\Programs\MiKTeX\tex/latex/hyperref\puenc.def
File: puenc.def 2021-02-27 v7.00k Hyperref: PDF Unicode definition (HO)
Now handling font encoding PU ...
... no UTF-8 mapping file for font encoding PU
)
Package hyperref Info: Hyper figures OFF on input line 4192.
Package hyperref Info: Link nesting OFF on input line 4197.
Package hyperref Info: Hyper index ON on input line 4200.
Package hyperref Info: Plain pages OFF on input line 4207.
Package hyperref Info: Backreferencing OFF on input line 4212.
Package hyperref Info: Implicit mode ON; LaTeX internals redefined.
Package hyperref Info: Bookmarks ON on input line 4445.
\c@Hy@tempcnt=\count302

(C:\Users\saeny\AppData\Local\Programs\MiKTeX\tex/latex/url\url.sty
\Urlmuskip=\muskip17
Package: url 2013/09/16  ver 3.4  Verb mode for urls, etc.
)
LaTeX Info: Redefining \url on input line 4804.
\XeTeXLinkMargin=\dimen265

(C:\Users\saeny\AppData\Local\Programs\MiKTeX\tex/generic/bitset\bitset.sty
Package: bitset 2019/12/09 v1.3 Handle bit-vector datatype (HO)

(C:\Users\saeny\AppData\Local\Programs\MiKTeX\tex/generic/bigintcalc\bigintcalc
.sty
Package: bigintcalc 2019/12/15 v1.5 Expandable calculations on big integers (HO
)
))
\Fld@menulength=\count303
\Field@Width=\dimen266
\Fld@charsize=\dimen267
Package hyperref Info: Hyper figures OFF on input line 6075.
Package hyperref Info: Link nesting OFF on input line 6080.
Package hyperref Info: Hyper index ON on input line 6083.
Package hyperref Info: backreferencing OFF on input line 6090.
Package hyperref Info: Link coloring OFF on input line 6095.
Package hyperref Info: Link coloring with OCG OFF on input line 6100.
Package hyperref Info: PDF/A mode OFF on input line 6105.
LaTeX Info: Redefining \ref on input line 6145.
LaTeX Info: Redefining \pageref on input line 6149.

(C:\Users\saeny\AppData\Local\Programs\MiKTeX\tex/latex/base\atbegshi-ltx.sty
Package: atbegshi-ltx 2020/08/17 v1.0a Emulation of the original atbegshi packa
ge
with kernel methods
)
\Hy@abspage=\count304
\c@Item=\count305
\c@Hfootnote=\count306
)
Package hyperref Info: Driver (autodetected): hpdftex.
(C:\Users\saeny\AppData\Local\Programs\MiKTeX\tex/latex/hyperref\hpdftex.def
File: hpdftex.def 2021-02-27 v7.00k Hyperref driver for pdfTeX

(C:\Users\saeny\AppData\Local\Programs\MiKTeX\tex/latex/base\atveryend-ltx.sty
Package: atveryend-ltx 2020/08/19 v1.0a Emulation of the original atvery packag
e
with kernel methods
)
\Fld@listcount=\count307
\c@bookmark@seq@number=\count308

(C:\Users\saeny\AppData\Local\Programs\MiKTeX\tex/latex/rerunfilecheck\rerunfil
echeck.sty
Package: rerunfilecheck 2019/12/05 v1.9 Rerun checks for auxiliary files (HO)

(C:\Users\saeny\AppData\Local\Programs\MiKTeX\tex/generic/uniquecounter\uniquec
ounter.sty
Package: uniquecounter 2019/12/15 v1.4 Provide unlimited unique counter (HO)
)
Package uniquecounter Info: New unique counter `rerunfilecheck' on input line 2
86.
)
\Hy@SectionHShift=\skip62
)
Package hyperref Info: Option `colorlinks' set `true' on input line 19.

(C:\Users\saeny\AppData\Local\Programs\MiKTeX\tex/latex/caption\caption.sty
Package: caption 2020/10/26 v3.5g Customizing captions (AR)

(C:\Users\saeny\AppData\Local\Programs\MiKTeX\tex/latex/caption\caption3.sty
Package: caption3 2020/10/21 v2.2e caption3 kernel (AR)
\captionmargin=\dimen268
\captionmargin@=\dimen269
\captionwidth=\dimen270
\caption@tempdima=\dimen271
\caption@indent=\dimen272
\caption@parindent=\dimen273
\caption@hangindent=\dimen274
Package caption Info: Standard document class detected.
)
\c@caption@flags=\count309
\c@continuedfloat=\count310
Package caption Info: float package is loaded.
Package caption Info: hyperref package is loaded.
Package caption Info: subfigure package is loaded.
)
(C:\Users\saeny\AppData\Local\Programs\MiKTeX\tex/latex/adjustbox\adjustbox.sty
Package: adjustbox 2020/08/19 v1.3 Adjusting TeX boxes (trim, clip, ...)
(C:\Users\saeny\AppData\Local\Programs\MiKTeX\tex/latex/xkeyval\xkeyval.sty
Package: xkeyval 2020/11/20 v2.8 package option processing (HA)

(C:\Users\saeny\AppData\Local\Programs\MiKTeX\tex/generic/xkeyval\xkeyval.tex
(C:\Users\saeny\AppData\Local\Programs\MiKTeX\tex/generic/xkeyval\xkvutils.tex
\XKV@toks=\toks38
\XKV@tempa@toks=\toks39
)
\XKV@depth=\count311
File: xkeyval.tex 2014/12/03 v2.7a key=value parser (HA)
))
(C:\Users\saeny\AppData\Local\Programs\MiKTeX\tex/latex/adjustbox\adjcalc.sty
Package: adjcalc 2012/05/16 v1.1 Provides advanced setlength with multiple back
-ends (calc, etex, pgfmath)
)
(C:\Users\saeny\AppData\Local\Programs\MiKTeX\tex/latex/adjustbox\trimclip.sty
Package: trimclip 2020/08/19 v1.2 Trim and clip general TeX material

(C:\Users\saeny\AppData\Local\Programs\MiKTeX\tex/latex/collectbox\collectbox.s
ty
Package: collectbox 2012/05/17 v0.4b Collect macro arguments as boxes
\collectedbox=\box117
)
\tc@llx=\dimen275
\tc@lly=\dimen276
\tc@urx=\dimen277
\tc@ury=\dimen278
Package trimclip Info: Using driver 'tc-pdftex.def'.

(C:\Users\saeny\AppData\Local\Programs\MiKTeX\tex/latex/adjustbox\tc-pdftex.def
File: tc-pdftex.def 2019/01/04 v2.2 Clipping driver for pdftex
))
\adjbox@Width=\dimen279
\adjbox@Height=\dimen280
\adjbox@Depth=\dimen281
\adjbox@Totalheight=\dimen282
\adjbox@pwidth=\dimen283
\adjbox@pheight=\dimen284
\adjbox@pdepth=\dimen285
\adjbox@ptotalheight=\dimen286

(C:\Users\saeny\AppData\Local\Programs\MiKTeX\tex/latex/ifoddpage\ifoddpage.sty
Package: ifoddpage 2016/04/23 v1.1 Conditionals for odd/even page detection
\c@checkoddpage=\count312
) (C:\Users\saeny\AppData\Local\Programs\MiKTeX\tex/latex/varwidth\varwidth.sty
Package: varwidth 2009/03/30 ver 0.92;  Variable-width minipages
\@vwid@box=\box118
\sift@deathcycles=\count313
\@vwid@loff=\dimen287
\@vwid@roff=\dimen288
))
(C:\Users\saeny\AppData\Local\Programs\MiKTeX\tex/latex/latex-tools\enumerate.s
ty
Package: enumerate 2015/07/23 v3.00 enumerate extensions (DPC)
\@enLab=\toks40
)
(C:\Users\saeny\AppData\Local\Programs\MiKTeX\tex/latex/geometry\geometry.sty
Package: geometry 2020/01/02 v5.9 Page Geometry

(C:\Users\saeny\AppData\Local\Programs\MiKTeX\tex/generic/iftex\ifvtex.sty
Package: ifvtex 2019/10/25 v1.7 ifvtex legacy package. Use iftex instead.
)
\Gm@cnth=\count314
\Gm@cntv=\count315
\c@Gm@tempcnt=\count316
\Gm@bindingoffset=\dimen289
\Gm@wd@mp=\dimen290
\Gm@odd@mp=\dimen291
\Gm@even@mp=\dimen292
\Gm@layoutwidth=\dimen293
\Gm@layoutheight=\dimen294
\Gm@layouthoffset=\dimen295
\Gm@layoutvoffset=\dimen296
\Gm@dimlist=\toks41

(C:\Users\saeny\AppData\Local\Programs\MiKTeX\tex/latex/geometry\geometry.cfg))
(C:\Users\saeny\AppData\Local\Programs\MiKTeX\tex/latex/amsfonts\amssymb.sty
Package: amssymb 2013/01/14 v3.01 AMS font symbols

(C:\Users\saeny\AppData\Local\Programs\MiKTeX\tex/latex/amsfonts\amsfonts.sty
Package: amsfonts 2013/01/14 v3.01 Basic AMSFonts support
\symAMSa=\mathgroup4
\symAMSb=\mathgroup5
LaTeX Font Info:    Redeclaring math symbol \hbar on input line 98.
LaTeX Font Info:    Overwriting math alphabet `\mathfrak' in version `bold'
(Font)                  U/euf/m/n --> U/euf/b/n on input line 106.
))
Package hyperref Info: Option `breaklinks' set `true' on input line 43.
Package hyperref Info: Option `colorlinks' set `true' on input line 43.
(C:\Users\saeny\AppData\Local\Programs\MiKTeX\tex/latex/fancyhdr\fancyhdr.sty
Package: fancyhdr 2021/01/28 v4.0.1 Extensive control of page headers and foote
rs
\f@nch@headwidth=\skip63
\f@nch@O@elh=\skip64
\f@nch@O@erh=\skip65
\f@nch@O@olh=\skip66
\f@nch@O@orh=\skip67
\f@nch@O@elf=\skip68
\f@nch@O@erf=\skip69
\f@nch@O@olf=\skip70
\f@nch@O@orf=\skip71
)
(C:\Users\saeny\AppData\Local\Programs\MiKTeX\tex/latex/booktabs\booktabs.sty
Package: booktabs 2020/01/12 v1.61803398 Publication quality tables
\heavyrulewidth=\dimen297
\lightrulewidth=\dimen298
\cmidrulewidth=\dimen299
\belowrulesep=\dimen300
\belowbottomsep=\dimen301
\aboverulesep=\dimen302
\abovetopsep=\dimen303
\cmidrulesep=\dimen304
\cmidrulekern=\dimen305
\defaultaddspace=\dimen306
\@cmidla=\count317
\@cmidlb=\count318
\@aboverulesep=\dimen307
\@belowrulesep=\dimen308
\@thisruleclass=\count319
\@lastruleclass=\count320
\@thisrulewidth=\dimen309
)
(C:\Users\saeny\AppData\Local\Programs\MiKTeX\tex/latex/listings\listings.sty
\lst@mode=\count321
\lst@gtempboxa=\box119
\lst@token=\toks42
\lst@length=\count322
\lst@currlwidth=\dimen310
\lst@column=\count323
\lst@pos=\count324
\lst@lostspace=\dimen311
\lst@width=\dimen312
\lst@newlines=\count325
\lst@lineno=\count326
\lst@maxwidth=\dimen313

(C:\Users\saeny\AppData\Local\Programs\MiKTeX\tex/latex/listings\lstmisc.sty
File: lstmisc.sty 2020/03/24 1.8d (Carsten Heinz)
\c@lstnumber=\count327
\lst@skipnumbers=\count328
\lst@framebox=\box120
)
(C:\Users\saeny\AppData\Local\Programs\MiKTeX\tex/latex/listings\listings.cfg
File: listings.cfg 2020/03/24 1.8d listings configuration
))
Package: listings 2020/03/24 1.8d (Carsten Heinz)

(C:\Users\saeny\AppData\Local\Programs\MiKTeX\tex/latex/algorithm2e\algorithm2e
.sty
Package: algorithm2e 2017/07/18 v5.2 algorithms environments
\c@AlgoLine=\count329
 (C:\Users\saeny\AppData\Local\Programs\MiKTeX\tex/latex/base\ifthen.sty
Package: ifthen 2014/09/29 v1.1c Standard LaTeX ifthen package (DPC)
)
\algocf@hangindent=\skip72

(C:\Users\saeny\AppData\Local\Programs\MiKTeX\tex/latex/latex-tools\xspace.sty
Package: xspace 2014/10/28 v1.13 Space after command names (DPC,MH)
) (C:\Users\saeny\AppData\Local\Programs\MiKTeX\tex/latex/relsize\relsize.sty
Package: relsize 2013/03/29 ver 4.1
)
\skiptotal=\skip73
\skiplinenumber=\skip74
\skiprule=\skip75
\skiphlne=\skip76
\skiptext=\skip77
\skiplength=\skip78
\algomargin=\skip79
\skipalgocfslide=\skip80
\algowidth=\dimen314
\inoutsize=\dimen315
\inoutindent=\dimen316
\interspacetitleruled=\dimen317
\interspacealgoruled=\dimen318
\interspacetitleboxruled=\dimen319
\algocf@ruledwidth=\skip81
\algocf@inoutbox=\box121
\algocf@inputbox=\box122
\AlCapSkip=\skip82
\AlCapHSkip=\skip83
\algoskipindent=\skip84
\algocf@nlbox=\box123
\algocf@hangingbox=\box124
\algocf@untilbox=\box125
\algocf@skipuntil=\skip85
\algocf@capbox=\box126
\algocf@lcaptionbox=\skip86
\algoheightruledefault=\skip87
\algoheightrule=\skip88
\algotitleheightruledefault=\skip89
\algotitleheightrule=\skip90
\c@algocfline=\count330
\c@algocfproc=\count331
\c@algocf=\count332
\algocf@algoframe=\box127
\algocf@algobox=\box128
)) (C:\Users\saeny\AppData\Local\Programs\MiKTeX\tex/latex/colortbl\colortbl.st
y
Package: colortbl 2020/01/04 v1.0e Color table columns (DPC)
\everycr=\toks43
\minrowclearance=\skip91
)
(C:\Users\saeny\AppData\Local\Programs\MiKTeX\tex/latex/l3backend\l3backend-pdf
tex.def
File: l3backend-pdftex.def 2021-03-18 L3 backend support: PDF output (pdfTeX)
\l__color_backend_stack_int=\count333
\l__pdf_internal_box=\box129
) (report.aux

LaTeX Warning: Label `spamfig_fig2' multiply defined.


LaTeX Warning: Label `bridgetab_tab0' multiply defined.

)
\openout1 = `report.aux'.

LaTeX Font Info:    Checking defaults for OML/cmm/m/it on input line 9.
LaTeX Font Info:    ... okay on input line 9.
LaTeX Font Info:    Checking defaults for OMS/cmsy/m/n on input line 9.
LaTeX Font Info:    ... okay on input line 9.
LaTeX Font Info:    Checking defaults for OT1/cmr/m/n on input line 9.
LaTeX Font Info:    ... okay on input line 9.
LaTeX Font Info:    Checking defaults for T1/cmr/m/n on input line 9.
LaTeX Font Info:    ... okay on input line 9.
LaTeX Font Info:    Checking defaults for TS1/cmr/m/n on input line 9.
LaTeX Font Info:    ... okay on input line 9.
LaTeX Font Info:    Checking defaults for OMX/cmex/m/n on input line 9.
LaTeX Font Info:    ... okay on input line 9.
LaTeX Font Info:    Checking defaults for U/cmr/m/n on input line 9.
LaTeX Font Info:    ... okay on input line 9.
LaTeX Font Info:    Checking defaults for PD1/pdf/m/n on input line 9.
LaTeX Font Info:    ... okay on input line 9.
LaTeX Font Info:    Checking defaults for PU/pdf/m/n on input line 9.
LaTeX Font Info:    ... okay on input line 9.

(C:\Users\saeny\AppData\Local\Programs\MiKTeX\tex/context/base/mkii\supp-pdf.mk
ii
[Loading MPS to PDF converter (version 2006.09.02).]
\scratchcounter=\count334
\scratchdimen=\dimen320
\scratchbox=\box130
\nofMPsegments=\count335
\nofMParguments=\count336
\everyMPshowfont=\toks44
\MPscratchCnt=\count337
\MPscratchDim=\dimen321
\MPnumerator=\count338
\makeMPintoPDFobject=\count339
\everyMPtoPDFconversion=\toks45
)
(C:\Users\saeny\AppData\Local\Programs\MiKTeX\tex/latex/epstopdf-pkg\epstopdf-b
ase.sty
Package: epstopdf-base 2020-01-24 v2.11 Base part for package epstopdf
Package epstopdf-base Info: Redefining graphics rule for `.eps' on input line 4
85.

(C:\Users\saeny\AppData\Local\Programs\MiKTeX\tex/latex/00miktex\epstopdf-sys.c
fg
File: epstopdf-sys.cfg 2021/03/18 v2.0 Configuration of epstopdf for MiKTeX
))
Package hyperref Info: Link coloring ON on input line 9.

(C:\Users\saeny\AppData\Local\Programs\MiKTeX\tex/latex/hyperref\nameref.sty
Package: nameref 2021-04-02 v2.47 Cross-referencing by name of section

(C:\Users\saeny\AppData\Local\Programs\MiKTeX\tex/latex/refcount\refcount.sty
Package: refcount 2019/12/15 v3.6 Data extraction from label references (HO)
)
(C:\Users\saeny\AppData\Local\Programs\MiKTeX\tex/generic/gettitlestring\gettit
lestring.sty
Package: gettitlestring 2019/12/15 v1.6 Cleanup title references (HO)
)
\c@section@level=\count340
)
LaTeX Info: Redefining \ref on input line 9.
LaTeX Info: Redefining \pageref on input line 9.
LaTeX Info: Redefining \nameref on input line 9.
 (report.out) (report.out)
\@outlinefile=\write6
\openout6 = `report.out'.

Package caption Info: Begin \AtBeginDocument code.
Package caption Info: listings package is loaded.
Package caption Info: End \AtBeginDocument code.

*geometry* driver: auto-detecting
*geometry* detected driver: pdftex

Package geometry Warning: The marginal notes overrun the paper.
     Add 25.63757pt and more to the right margin.

*geometry* verbose mode - [ preamble ] result:
* driver: pdftex
* paper: <default>
* layout: <same size as paper>
* layoutoffset:(h,v)=(0.0pt,0.0pt)
* modes: 
* h-part:(L,W,R)=(43.36243pt, 527.57014pt, 43.36243pt)
* v-part:(T,H,B)=(72.26999pt, 650.43001pt, 72.26999pt)
* \paperwidth=614.295pt
* \paperheight=794.96999pt
* \textwidth=527.57014pt
* \textheight=650.43001pt
* \oddsidemargin=-28.90756pt
* \evensidemargin=-28.90756pt
* \topmargin=-37.0pt
* \headheight=12.0pt
* \headsep=25.0pt
* \topskip=11.0pt
* \footskip=30.0pt
* \marginparwidth=59.0pt
* \marginparsep=10.0pt
* \columnsep=10.0pt
* \skip\footins=10.0pt plus 4.0pt minus 2.0pt
* \hoffset=0.0pt
* \voffset=0.0pt
* \mag=1000
* \@twocolumnfalse
* \@twosidefalse
* \@mparswitchfalse
* \@reversemarginfalse
* (1in=72.27pt=25.4mm, 1cm=28.453pt)

\c@lstlisting=\count341
LaTeX Font Info:    Trying to load font information for U+msa on input line 12.

(C:\Users\saeny\AppData\Local\Programs\MiKTeX\tex/latex/amsfonts\umsa.fd
File: umsa.fd 2013/01/14 v3.01 AMS symbols A
)
LaTeX Font Info:    Trying to load font information for U+msb on input line 12.


(C:\Users\saeny\AppData\Local\Programs\MiKTeX\tex/latex/amsfonts\umsb.fd
File: umsb.fd 2013/01/14 v3.01 AMS symbols B
)
[1

{C:/Users/saeny/AppData/Local/MiKTeX/pdftex/config/pdftex.map}]
<./figures//amazon/Instances_per_class.pdf, id=135, 1300.86pt x 722.7pt>
File: ./figures//amazon/Instances_per_class.pdf Graphic file (type pdf)
<use ./figures//amazon/Instances_per_class.pdf>
Package pdftex.def Info: ./figures//amazon/Instances_per_class.pdf  used on inp
ut line 74.
(pdftex.def)             Requested size: 422.05772pt x 234.47772pt.


LaTeX Warning: `h' float specifier changed to `ht'.


Package fancyhdr Warning: \headheight is too small (12.0pt): 
(fancyhdr)                Make it at least 25.16252pt, for example:
(fancyhdr)                \setlength{\headheight}{25.16252pt}.
(fancyhdr)                You might also make \topmargin smaller to compensate:

(fancyhdr)                \addtolength{\topmargin}{-13.16252pt}.

[2]

Package fancyhdr Warning: \headheight is too small (12.0pt): 
(fancyhdr)                Make it at least 25.16252pt, for example:
(fancyhdr)                \setlength{\headheight}{25.16252pt}.
(fancyhdr)                You might also make \topmargin smaller to compensate:

(fancyhdr)                \addtolength{\topmargin}{-13.16252pt}.

[3 <./figures//amazon/Instances_per_class.pdf>]
<./figures//amazon/perc_scaling_vect_selection_HO.pdf, id=209, 361.35pt x 361.3
5pt>
File: ./figures//amazon/perc_scaling_vect_selection_HO.pdf Graphic file (type p
df)
<use ./figures//amazon/perc_scaling_vect_selection_HO.pdf>
Package pdftex.def Info: ./figures//amazon/perc_scaling_vect_selection_HO.pdf  
used on input line 152.
(pdftex.def)             Requested size: 174.0991pt x 174.09665pt.
<./figures//amazon/perc_scaling_vect_selection.pdf, id=210, 361.35pt x 361.35pt
>
File: ./figures//amazon/perc_scaling_vect_selection.pdf Graphic file (type pdf)

<use ./figures//amazon/perc_scaling_vect_selection.pdf>
Package pdftex.def Info: ./figures//amazon/perc_scaling_vect_selection.pdf  use
d on input line 155.
(pdftex.def)             Requested size: 174.0991pt x 174.09665pt.
<./figures//amazon/Per_max_iterations_2.pdf, id=211, 361.35pt x 361.35pt>
File: ./figures//amazon/Per_max_iterations_2.pdf Graphic file (type pdf)
<use ./figures//amazon/Per_max_iterations_2.pdf>
Package pdftex.def Info: ./figures//amazon/Per_max_iterations_2.pdf  used on in
put line 158.
(pdftex.def)             Requested size: 174.0991pt x 174.09665pt.
<./figures//amazon/Per_learning_rate2.pdf, id=212, 361.35pt x 361.35pt>
File: ./figures//amazon/Per_learning_rate2.pdf Graphic file (type pdf)
<use ./figures//amazon/Per_learning_rate2.pdf>
Package pdftex.def Info: ./figures//amazon/Per_learning_rate2.pdf  used on inpu
t line 161.
(pdftex.def)             Requested size: 174.0991pt x 174.09665pt.
<./figures//amazon/Per_alpha2.pdf, id=213, 361.35pt x 361.35pt>
File: ./figures//amazon/Per_alpha2.pdf Graphic file (type pdf)
<use ./figures//amazon/Per_alpha2.pdf>
Package pdftex.def Info: ./figures//amazon/Per_alpha2.pdf  used on input line 1
64.
(pdftex.def)             Requested size: 174.0991pt x 174.09665pt.
<./figures//amazon/RF_scaling_vect_selection_HO.pdf, id=214, 361.35pt x 361.35p
t>
File: ./figures//amazon/RF_scaling_vect_selection_HO.pdf Graphic file (type pdf
)
<use ./figures//amazon/RF_scaling_vect_selection_HO.pdf>
Package pdftex.def Info: ./figures//amazon/RF_scaling_vect_selection_HO.pdf  us
ed on input line 180.
(pdftex.def)             Requested size: 174.0991pt x 174.09665pt.
<./figures//amazon/RF_scaling_vect_selection_CV.pdf, id=215, 361.35pt x 361.35p
t>
File: ./figures//amazon/RF_scaling_vect_selection_CV.pdf Graphic file (type pdf
)
<use ./figures//amazon/RF_scaling_vect_selection_CV.pdf>
Package pdftex.def Info: ./figures//amazon/RF_scaling_vect_selection_CV.pdf  us
ed on input line 183.
(pdftex.def)             Requested size: 174.0991pt x 174.09665pt.
<./figures//amazon/RF_nestimators.pdf, id=216, 361.35pt x 361.35pt>
File: ./figures//amazon/RF_nestimators.pdf Graphic file (type pdf)
<use ./figures//amazon/RF_nestimators.pdf>
Package pdftex.def Info: ./figures//amazon/RF_nestimators.pdf  used on input li
ne 186.
(pdftex.def)             Requested size: 174.0991pt x 174.09665pt.
<./figures//amazon/RF_max_leafs.pdf, id=217, 361.35pt x 361.35pt>
File: ./figures//amazon/RF_max_leafs.pdf Graphic file (type pdf)
<use ./figures//amazon/RF_max_leafs.pdf>
Package pdftex.def Info: ./figures//amazon/RF_max_leafs.pdf  used on input line
 189.
(pdftex.def)             Requested size: 174.0991pt x 174.09665pt.
<./figures//amazon/RF_max_depth.pdf, id=218, 361.35pt x 361.35pt>
File: ./figures//amazon/RF_max_depth.pdf Graphic file (type pdf)
<use ./figures//amazon/RF_max_depth.pdf>
Package pdftex.def Info: ./figures//amazon/RF_max_depth.pdf  used on input line
 192.
(pdftex.def)             Requested size: 174.0991pt x 174.09665pt.
<./figures//amazon/RF_ccp_alpha.pdf, id=219, 361.35pt x 361.35pt>
File: ./figures//amazon/RF_ccp_alpha.pdf Graphic file (type pdf)
<use ./figures//amazon/RF_ccp_alpha.pdf>
Package pdftex.def Info: ./figures//amazon/RF_ccp_alpha.pdf  used on input line
 195.
(pdftex.def)             Requested size: 174.0991pt x 174.09665pt.
<./figures//amazon/NB_scaling_vect_selection_HO.pdf, id=222, 361.35pt x 361.35p
t>
File: ./figures//amazon/NB_scaling_vect_selection_HO.pdf Graphic file (type pdf
)
<use ./figures//amazon/NB_scaling_vect_selection_HO.pdf>
Package pdftex.def Info: ./figures//amazon/NB_scaling_vect_selection_HO.pdf  us
ed on input line 225.
(pdftex.def)             Requested size: 174.0991pt x 174.09665pt.
<./figures//amazon/NB_scaling_vect_selection_CV.pdf, id=223, 361.35pt x 361.35p
t>
File: ./figures//amazon/NB_scaling_vect_selection_CV.pdf Graphic file (type pdf
)
<use ./figures//amazon/NB_scaling_vect_selection_CV.pdf>
Package pdftex.def Info: ./figures//amazon/NB_scaling_vect_selection_CV.pdf  us
ed on input line 228.
(pdftex.def)             Requested size: 174.0991pt x 174.09665pt.
<./figures//amazon/NB_alpha.pdf, id=224, 361.35pt x 361.35pt>
File: ./figures//amazon/NB_alpha.pdf Graphic file (type pdf)
<use ./figures//amazon/NB_alpha.pdf>
Package pdftex.def Info: ./figures//amazon/NB_alpha.pdf  used on input line 231
.
(pdftex.def)             Requested size: 174.0991pt x 174.09665pt.
<./figures//amazon/NB_Xrange2.pdf, id=225, 361.35pt x 361.35pt>
File: ./figures//amazon/NB_Xrange2.pdf Graphic file (type pdf)
<use ./figures//amazon/NB_Xrange2.pdf>
Package pdftex.def Info: ./figures//amazon/NB_Xrange2.pdf  used on input line 2
34.
(pdftex.def)             Requested size: 174.0991pt x 174.09665pt.
<./figures//amazon/NB_Xrange3.pdf, id=226, 361.35pt x 361.35pt>
File: ./figures//amazon/NB_Xrange3.pdf Graphic file (type pdf)
<use ./figures//amazon/NB_Xrange3.pdf>
Package pdftex.def Info: ./figures//amazon/NB_Xrange3.pdf  used on input line 2
37.
(pdftex.def)             Requested size: 174.0991pt x 174.09665pt.
<./figures//amazon/NB_Xrange4.pdf, id=227, 361.35pt x 361.35pt>
File: ./figures//amazon/NB_Xrange4.pdf Graphic file (type pdf)
<use ./figures//amazon/NB_Xrange4.pdf>
Package pdftex.def Info: ./figures//amazon/NB_Xrange4.pdf  used on input line 2
40.
(pdftex.def)             Requested size: 174.0991pt x 174.09665pt.

Underfull \hbox (badness 10000) in paragraph at lines 133--245
\OT1/cmr/m/n/10.95 Next the model is trained for dif-fer-ent learn-ing rates ($
\OML/cmm/m/it/10.95 eta\OT1/cmr/m/n/10.95 0$), where $\OML/cmm/m/it/10.95 eta\O
T1/cmr/m/n/10.95 0 \OMS/cmsy/m/n/10.95 2
 []


Package fancyhdr Warning: \headheight is too small (12.0pt): 
(fancyhdr)                Make it at least 25.16252pt, for example:
(fancyhdr)                \setlength{\headheight}{25.16252pt}.
(fancyhdr)                You might also make \topmargin smaller to compensate:

(fancyhdr)                \addtolength{\topmargin}{-13.16252pt}.

[4]

Package fancyhdr Warning: \headheight is too small (12.0pt): 
(fancyhdr)                Make it at least 25.16252pt, for example:
(fancyhdr)                \setlength{\headheight}{25.16252pt}.
(fancyhdr)                You might also make \topmargin smaller to compensate:

(fancyhdr)                \addtolength{\topmargin}{-13.16252pt}.

[5 <./figures//amazon/perc_scaling_vect_selection_HO.pdf> <./figures//amazon/pe
rc_scaling_vect_selection.pdf

pdfTeX warning: pdflatex (file ./figures//amazon/perc_scaling_vect_selection.pd
f): PDF inclusion: multiple pdfs with page group included in a single page
> <./figures//amazon/Per_max_iterations_2.pdf

pdfTeX warning: pdflatex (file ./figures//amazon/Per_max_iterations_2.pdf): PDF
 inclusion: multiple pdfs with page group included in a single page
> <./figures//amazon/Per_learning_rate2.pdf

pdfTeX warning: pdflatex (file ./figures//amazon/Per_learning_rate2.pdf): PDF i
nclusion: multiple pdfs with page group included in a single page
> <./figures//amazon/Per_alpha2.pdf

pdfTeX warning: pdflatex (file ./figures//amazon/Per_alpha2.pdf): PDF inclusion
: multiple pdfs with page group included in a single page
>]

Package fancyhdr Warning: \headheight is too small (12.0pt): 
(fancyhdr)                Make it at least 25.16252pt, for example:
(fancyhdr)                \setlength{\headheight}{25.16252pt}.
(fancyhdr)                You might also make \topmargin smaller to compensate:

(fancyhdr)                \addtolength{\topmargin}{-13.16252pt}.

[6 <./figures//amazon/RF_scaling_vect_selection_HO.pdf> <./figures//amazon/RF_s
caling_vect_selection_CV.pdf

pdfTeX warning: pdflatex (file ./figures//amazon/RF_scaling_vect_selection_CV.p
df): PDF inclusion: multiple pdfs with page group included in a single page
> <./figures//amazon/RF_nestimators.pdf

pdfTeX warning: pdflatex (file ./figures//amazon/RF_nestimators.pdf): PDF inclu
sion: multiple pdfs with page group included in a single page
> <./figures//amazon/RF_max_leafs.pdf

pdfTeX warning: pdflatex (file ./figures//amazon/RF_max_leafs.pdf): PDF inclusi
on: multiple pdfs with page group included in a single page
> <./figures//amazon/RF_max_depth.pdf

pdfTeX warning: pdflatex (file ./figures//amazon/RF_max_depth.pdf): PDF inclusi
on: multiple pdfs with page group included in a single page
> <./figures//amazon/RF_ccp_alpha.pdf

pdfTeX warning: pdflatex (file ./figures//amazon/RF_ccp_alpha.pdf): PDF inclusi
on: multiple pdfs with page group included in a single page
>]

LaTeX Warning: Reference `votingfig_fig0' on page 7 undefined on input line 250
.

<./figures//voting/classification_trainset.pdf, id=647, 361.35pt x 361.35pt>
File: ./figures//voting/classification_trainset.pdf Graphic file (type pdf)
<use ./figures//voting/classification_trainset.pdf>
Package pdftex.def Info: ./figures//voting/classification_trainset.pdf  used on
 input line 254.
(pdftex.def)             Requested size: 158.27264pt x 158.27219pt.
<./figures//voting/input_data_description.pdf, id=648, 867.24pt x 505.89pt>
File: ./figures//voting/input_data_description.pdf Graphic file (type pdf)
<use ./figures//voting/input_data_description.pdf>
Package pdftex.def Info: ./figures//voting/input_data_description.pdf  used on 
input line 257.
(pdftex.def)             Requested size: 369.29749pt x 215.4211pt.

Overfull \hbox (2.43332pt too wide) in paragraph at lines 253--259
[][] [] 
 []


Package fancyhdr Warning: \headheight is too small (12.0pt): 
(fancyhdr)                Make it at least 25.16252pt, for example:
(fancyhdr)                \setlength{\headheight}{25.16252pt}.
(fancyhdr)                You might also make \topmargin smaller to compensate:

(fancyhdr)                \addtolength{\topmargin}{-13.16252pt}.

[7 <./figures//amazon/NB_scaling_vect_selection_HO.pdf> <./figures//amazon/NB_s
caling_vect_selection_CV.pdf

pdfTeX warning: pdflatex (file ./figures//amazon/NB_scaling_vect_selection_CV.p
df): PDF inclusion: multiple pdfs with page group included in a single page
> <./figures//amazon/NB_alpha.pdf

pdfTeX warning: pdflatex (file ./figures//amazon/NB_alpha.pdf): PDF inclusion: 
multiple pdfs with page group included in a single page
> <./figures//amazon/NB_Xrange2.pdf

pdfTeX warning: pdflatex (file ./figures//amazon/NB_Xrange2.pdf): PDF inclusion
: multiple pdfs with page group included in a single page
> <./figures//amazon/NB_Xrange3.pdf

pdfTeX warning: pdflatex (file ./figures//amazon/NB_Xrange3.pdf): PDF inclusion
: multiple pdfs with page group included in a single page
> <./figures//amazon/NB_Xrange4.pdf

pdfTeX warning: pdflatex (file ./figures//amazon/NB_Xrange4.pdf): PDF inclusion
: multiple pdfs with page group included in a single page
>]

LaTeX Warning: Reference `votingfig_fig1' on page 8 undefined on input line 291
.


Package fancyhdr Warning: \headheight is too small (12.0pt): 
(fancyhdr)                Make it at least 25.16252pt, for example:
(fancyhdr)                \setlength{\headheight}{25.16252pt}.
(fancyhdr)                You might also make \topmargin smaller to compensate:

(fancyhdr)                \addtolength{\topmargin}{-13.16252pt}.

[8 <./figures//voting/classification_trainset.pdf> <./figures//voting/input_dat
a_description.pdf

pdfTeX warning: pdflatex (file ./figures//voting/input_data_description.pdf): P
DF inclusion: multiple pdfs with page group included in a single page
>]
<./figures//voting/threshold_grid_ppn0.pdf, id=947, 549.90901pt x 523.81297pt>
File: ./figures//voting/threshold_grid_ppn0.pdf Graphic file (type pdf)
<use ./figures//voting/threshold_grid_ppn0.pdf>
Package pdftex.def Info: ./figures//voting/threshold_grid_ppn0.pdf  used on inp
ut line 296.
(pdftex.def)             Requested size: 158.27264pt x 150.75891pt.
<./figures//voting/threshold_grid_ppn1.pdf, id=948, 549.90901pt x 523.81297pt>
File: ./figures//voting/threshold_grid_ppn1.pdf Graphic file (type pdf)
<use ./figures//voting/threshold_grid_ppn1.pdf>
Package pdftex.def Info: ./figures//voting/threshold_grid_ppn1.pdf  used on inp
ut line 299.
(pdftex.def)             Requested size: 158.27264pt x 150.75891pt.


LaTeX Warning: Reference `votingfig_fig2' on page 9 undefined on input line 306
.

<./figures//voting/thresholds_ppn.pdf, id=949, 433.62pt x 289.08pt>
File: ./figures//voting/thresholds_ppn.pdf Graphic file (type pdf)
<use ./figures//voting/thresholds_ppn.pdf>
Package pdftex.def Info: ./figures//voting/thresholds_ppn.pdf  used on input li
ne 327.
(pdftex.def)             Requested size: 158.27264pt x 105.51552pt.
<./figures//voting/max_iter_ppn.pdf, id=950, 433.62pt x 289.08pt>
File: ./figures//voting/max_iter_ppn.pdf Graphic file (type pdf)
<use ./figures//voting/max_iter_ppn.pdf>
Package pdftex.def Info: ./figures//voting/max_iter_ppn.pdf  used on input line
 330.
(pdftex.def)             Requested size: 158.27264pt x 105.51552pt.
<./figures//voting/penalty_ppn.pdf, id=951, 433.62pt x 289.08pt>
File: ./figures//voting/penalty_ppn.pdf Graphic file (type pdf)
<use ./figures//voting/penalty_ppn.pdf>
Package pdftex.def Info: ./figures//voting/penalty_ppn.pdf  used on input line 
333.
(pdftex.def)             Requested size: 158.27264pt x 105.51552pt.
<./figures//voting/tol_ppn.pdf, id=952, 433.62pt x 289.08pt>
File: ./figures//voting/tol_ppn.pdf Graphic file (type pdf)
<use ./figures//voting/tol_ppn.pdf>
Package pdftex.def Info: ./figures//voting/tol_ppn.pdf  used on input line 336.

(pdftex.def)             Requested size: 158.27264pt x 105.51552pt.
<./figures//voting/learning_rate_ppn.pdf, id=953, 433.62pt x 289.08pt>
File: ./figures//voting/learning_rate_ppn.pdf Graphic file (type pdf)
<use ./figures//voting/learning_rate_ppn.pdf>
Package pdftex.def Info: ./figures//voting/learning_rate_ppn.pdf  used on input
 line 339.
(pdftex.def)             Requested size: 158.27264pt x 105.51552pt.
<./figures//voting/early_stopping_ppn.pdf, id=954, 433.62pt x 289.08pt>
File: ./figures//voting/early_stopping_ppn.pdf Graphic file (type pdf)
<use ./figures//voting/early_stopping_ppn.pdf>
Package pdftex.def Info: ./figures//voting/early_stopping_ppn.pdf  used on inpu
t line 342.
(pdftex.def)             Requested size: 158.27264pt x 105.51552pt.

Package fancyhdr Warning: \headheight is too small (12.0pt): 
(fancyhdr)                Make it at least 25.16252pt, for example:
(fancyhdr)                \setlength{\headheight}{25.16252pt}.
(fancyhdr)                You might also make \topmargin smaller to compensate:

(fancyhdr)                \addtolength{\topmargin}{-13.16252pt}.

[9 <./figures//voting/threshold_grid_ppn0.pdf> <./figures//voting/threshold_gri
d_ppn1.pdf

pdfTeX warning: pdflatex (file ./figures//voting/threshold_grid_ppn1.pdf): PDF 
inclusion: multiple pdfs with page group included in a single page
>]

LaTeX Warning: Reference `votingfig_fig3' on page 10 undefined on input line 34
8.

<./figures//voting/threshold_grid_rdf0.pdf, id=1040, 549.90901pt x 523.81297pt>

File: ./figures//voting/threshold_grid_rdf0.pdf Graphic file (type pdf)
<use ./figures//voting/threshold_grid_rdf0.pdf>
Package pdftex.def Info: ./figures//voting/threshold_grid_rdf0.pdf  used on inp
ut line 352.
(pdftex.def)             Requested size: 158.27264pt x 150.75891pt.

Overfull \hbox (2.43332pt too wide) in paragraph at lines 351--371
[][] [] 
 []


LaTeX Warning: Reference `votingfig_fig5' on page 10 undefined on input line 37
3.


Package fancyhdr Warning: \headheight is too small (12.0pt): 
(fancyhdr)                Make it at least 25.16252pt, for example:
(fancyhdr)                \setlength{\headheight}{25.16252pt}.
(fancyhdr)                You might also make \topmargin smaller to compensate:

(fancyhdr)                \addtolength{\topmargin}{-13.16252pt}.

[10 <./figures//voting/thresholds_ppn.pdf> <./figures//voting/max_iter_ppn.pdf

pdfTeX warning: pdflatex (file ./figures//voting/max_iter_ppn.pdf): PDF inclusi
on: multiple pdfs with page group included in a single page
> <./figures//voting/penalty_ppn.pdf

pdfTeX warning: pdflatex (file ./figures//voting/penalty_ppn.pdf): PDF inclusio
n: multiple pdfs with page group included in a single page
> <./figures//voting/tol_ppn.pdf

pdfTeX warning: pdflatex (file ./figures//voting/tol_ppn.pdf): PDF inclusion: m
ultiple pdfs with page group included in a single page
> <./figures//voting/learning_rate_ppn.pdf

pdfTeX warning: pdflatex (file ./figures//voting/learning_rate_ppn.pdf): PDF in
clusion: multiple pdfs with page group included in a single page
> <./figures//voting/early_stopping_ppn.pdf

pdfTeX warning: pdflatex (file ./figures//voting/early_stopping_ppn.pdf): PDF i
nclusion: multiple pdfs with page group included in a single page
> <./figures//voting/threshold_grid_rdf0.pdf

pdfTeX warning: pdflatex (file ./figures//voting/threshold_grid_rdf0.pdf): PDF 
inclusion: multiple pdfs with page group included in a single page
>]
<./figures//voting/thresholds_rdf.pdf, id=1267, 433.62pt x 289.08pt>
File: ./figures//voting/thresholds_rdf.pdf Graphic file (type pdf)
<use ./figures//voting/thresholds_rdf.pdf>
Package pdftex.def Info: ./figures//voting/thresholds_rdf.pdf  used on input li
ne 378.
(pdftex.def)             Requested size: 158.27264pt x 105.51552pt.
<./figures//voting/criterion_rdf.pdf, id=1268, 433.62pt x 289.08pt>
File: ./figures//voting/criterion_rdf.pdf Graphic file (type pdf)
<use ./figures//voting/criterion_rdf.pdf>
Package pdftex.def Info: ./figures//voting/criterion_rdf.pdf  used on input lin
e 381.
(pdftex.def)             Requested size: 158.27264pt x 105.51552pt.
<./figures//voting/min_samples_leaf_rdf.pdf, id=1269, 433.62pt x 289.08pt>
File: ./figures//voting/min_samples_leaf_rdf.pdf Graphic file (type pdf)
<use ./figures//voting/min_samples_leaf_rdf.pdf>
Package pdftex.def Info: ./figures//voting/min_samples_leaf_rdf.pdf  used on in
put line 384.
(pdftex.def)             Requested size: 158.27264pt x 105.51552pt.
<./figures//voting/ccp_alpha_rdf.pdf, id=1270, 433.62pt x 289.08pt>
File: ./figures//voting/ccp_alpha_rdf.pdf Graphic file (type pdf)
<use ./figures//voting/ccp_alpha_rdf.pdf>
Package pdftex.def Info: ./figures//voting/ccp_alpha_rdf.pdf  used on input lin
e 387.
(pdftex.def)             Requested size: 158.27264pt x 105.51552pt.
<./figures//voting/min_samples_split_rdf.pdf, id=1271, 433.62pt x 289.08pt>
File: ./figures//voting/min_samples_split_rdf.pdf Graphic file (type pdf)
<use ./figures//voting/min_samples_split_rdf.pdf>
Package pdftex.def Info: ./figures//voting/min_samples_split_rdf.pdf  used on i
nput line 390.
(pdftex.def)             Requested size: 158.27264pt x 105.51552pt.


LaTeX Warning: Reference `votingfig_fig5' on page 11 undefined on input line 39
8.

<./figures//voting/threshold_grid_nb0.pdf, id=1272, 549.90901pt x 523.81297pt>
File: ./figures//voting/threshold_grid_nb0.pdf Graphic file (type pdf)
<use ./figures//voting/threshold_grid_nb0.pdf>
Package pdftex.def Info: ./figures//voting/threshold_grid_nb0.pdf  used on inpu
t line 402.
(pdftex.def)             Requested size: 158.27264pt x 150.75891pt.

Overfull \hbox (2.43332pt too wide) in paragraph at lines 401--419
[][] [] 
 []


LaTeX Warning: Reference `votingfig_fig6' on page 11 undefined on input line 42
2.

<./figures//voting/thresholds_nb.pdf, id=1273, 433.62pt x 289.08pt>
File: ./figures//voting/thresholds_nb.pdf Graphic file (type pdf)
<use ./figures//voting/thresholds_nb.pdf>
Package pdftex.def Info: ./figures//voting/thresholds_nb.pdf  used on input lin
e 427.
(pdftex.def)             Requested size: 158.27264pt x 105.51552pt.
<./figures//voting/laplace_nb.pdf, id=1274, 433.62pt x 289.08pt>
File: ./figures//voting/laplace_nb.pdf Graphic file (type pdf)
<use ./figures//voting/laplace_nb.pdf>
Package pdftex.def Info: ./figures//voting/laplace_nb.pdf  used on input line 4
30.
(pdftex.def)             Requested size: 158.27264pt x 105.51552pt.

Underfull \hbox (badness 10000) in paragraph at lines 426--434

 []


Package fancyhdr Warning: \headheight is too small (12.0pt): 
(fancyhdr)                Make it at least 25.16252pt, for example:
(fancyhdr)                \setlength{\headheight}{25.16252pt}.
(fancyhdr)                You might also make \topmargin smaller to compensate:

(fancyhdr)                \addtolength{\topmargin}{-13.16252pt}.

[11 <./figures//voting/thresholds_rdf.pdf> <./figures//voting/criterion_rdf.pdf


pdfTeX warning: pdflatex (file ./figures//voting/criterion_rdf.pdf): PDF inclus
ion: multiple pdfs with page group included in a single page
> <./figures//voting/min_samples_leaf_rdf.pdf

pdfTeX warning: pdflatex (file ./figures//voting/min_samples_leaf_rdf.pdf): PDF
 inclusion: multiple pdfs with page group included in a single page
> <./figures//voting/ccp_alpha_rdf.pdf

pdfTeX warning: pdflatex (file ./figures//voting/ccp_alpha_rdf.pdf): PDF inclus
ion: multiple pdfs with page group included in a single page
> <./figures//voting/min_samples_split_rdf.pdf

pdfTeX warning: pdflatex (file ./figures//voting/min_samples_split_rdf.pdf): PD
F inclusion: multiple pdfs with page group included in a single page
> <./figures//voting/threshold_grid_nb0.pdf

pdfTeX warning: pdflatex (file ./figures//voting/threshold_grid_nb0.pdf): PDF i
nclusion: multiple pdfs with page group included in a single page
>]
<./figures//email_spam/char_count.pdf, id=1477, 361.35pt x 361.35pt>
File: ./figures//email_spam/char_count.pdf Graphic file (type pdf)
<use ./figures//email_spam/char_count.pdf>
Package pdftex.def Info: ./figures//email_spam/char_count.pdf  used on input li
ne 472.
(pdftex.def)             Requested size: 158.27264pt x 158.27219pt.
<./figures//email_spam/word_count.pdf, id=1478, 361.35pt x 361.35pt>
File: ./figures//email_spam/word_count.pdf Graphic file (type pdf)
<use ./figures//email_spam/word_count.pdf>
Package pdftex.def Info: ./figures//email_spam/word_count.pdf  used on input li
ne 475.
(pdftex.def)             Requested size: 158.27264pt x 158.27219pt.
<./figures//email_spam/word_transformed_count.pdf, id=1479, 361.35pt x 361.35pt
>
File: ./figures//email_spam/word_transformed_count.pdf Graphic file (type pdf)
<use ./figures//email_spam/word_transformed_count.pdf>
Package pdftex.def Info: ./figures//email_spam/word_transformed_count.pdf  used
 on input line 478.
(pdftex.def)             Requested size: 158.27264pt x 158.27219pt.


Package fancyhdr Warning: \headheight is too small (12.0pt): 
(fancyhdr)                Make it at least 25.16252pt, for example:
(fancyhdr)                \setlength{\headheight}{25.16252pt}.
(fancyhdr)                You might also make \topmargin smaller to compensate:

(fancyhdr)                \addtolength{\topmargin}{-13.16252pt}.

[12 <./figures//voting/thresholds_nb.pdf> <./figures//voting/laplace_nb.pdf

pdfTeX warning: pdflatex (file ./figures//voting/laplace_nb.pdf): PDF inclusion
: multiple pdfs with page group included in a single page
> <./figures//email_spam/char_count.pdf

pdfTeX warning: pdflatex (file ./figures//email_spam/char_count.pdf): PDF inclu
sion: multiple pdfs with page group included in a single page
> <./figures//email_spam/word_count.pdf

pdfTeX warning: pdflatex (file ./figures//email_spam/word_count.pdf): PDF inclu
sion: multiple pdfs with page group included in a single page
> <./figures//email_spam/word_transformed_count.pdf

pdfTeX warning: pdflatex (file ./figures//email_spam/word_transformed_count.pdf
): PDF inclusion: multiple pdfs with page group included in a single page
>]
<./figures//email_spam/perc_scaling.pdf, id=1666, 361.35pt x 361.35pt>
File: ./figures//email_spam/perc_scaling.pdf Graphic file (type pdf)
<use ./figures//email_spam/perc_scaling.pdf>
Package pdftex.def Info: ./figures//email_spam/perc_scaling.pdf  used on input 
line 500.
(pdftex.def)             Requested size: 158.27264pt x 158.27219pt.
<./figures//email_spam/perc_features.pdf, id=1667, 361.35pt x 361.35pt>
File: ./figures//email_spam/perc_features.pdf Graphic file (type pdf)
<use ./figures//email_spam/perc_features.pdf>
Package pdftex.def Info: ./figures//email_spam/perc_features.pdf  used on input
 line 503.
(pdftex.def)             Requested size: 158.27264pt x 158.27219pt.
<./figures//email_spam/perc_learning_rate.pdf, id=1668, 361.35pt x 361.35pt>
File: ./figures//email_spam/perc_learning_rate.pdf Graphic file (type pdf)
<use ./figures//email_spam/perc_learning_rate.pdf>
Package pdftex.def Info: ./figures//email_spam/perc_learning_rate.pdf  used on 
input line 506.
(pdftex.def)             Requested size: 158.27264pt x 158.27219pt.
<./figures//email_spam/perc_tolerance.pdf, id=1669, 361.35pt x 361.35pt>
File: ./figures//email_spam/perc_tolerance.pdf Graphic file (type pdf)
<use ./figures//email_spam/perc_tolerance.pdf>
Package pdftex.def Info: ./figures//email_spam/perc_tolerance.pdf  used on inpu
t line 509.
(pdftex.def)             Requested size: 158.27264pt x 158.27219pt.
<./figures//email_spam/perc_maxiter.pdf, id=1670, 361.35pt x 361.35pt>
File: ./figures//email_spam/perc_maxiter.pdf Graphic file (type pdf)
<use ./figures//email_spam/perc_maxiter.pdf>
Package pdftex.def Info: ./figures//email_spam/perc_maxiter.pdf  used on input 
line 512.
(pdftex.def)             Requested size: 158.27264pt x 158.27219pt.


Package fancyhdr Warning: \headheight is too small (12.0pt): 
(fancyhdr)                Make it at least 25.16252pt, for example:
(fancyhdr)                \setlength{\headheight}{25.16252pt}.
(fancyhdr)                You might also make \topmargin smaller to compensate:

(fancyhdr)                \addtolength{\topmargin}{-13.16252pt}.

[13]
<./figures//email_spam/rnd_scaling.pdf, id=1678, 345.94243pt x 345.88696pt>
File: ./figures//email_spam/rnd_scaling.pdf Graphic file (type pdf)
<use ./figures//email_spam/rnd_scaling.pdf>
Package pdftex.def Info: ./figures//email_spam/rnd_scaling.pdf  used on input l
ine 528.
(pdftex.def)             Requested size: 158.27264pt x 158.24437pt.
<./figures//email_spam/rnd_features.pdf, id=1679, 361.35pt x 361.35pt>
File: ./figures//email_spam/rnd_features.pdf Graphic file (type pdf)
<use ./figures//email_spam/rnd_features.pdf>
Package pdftex.def Info: ./figures//email_spam/rnd_features.pdf  used on input 
line 531.
(pdftex.def)             Requested size: 158.27264pt x 158.27219pt.
<./figures//email_spam/rnd_trees.pdf, id=1680, 339.5592pt x 334.87297pt>
File: ./figures//email_spam/rnd_trees.pdf Graphic file (type pdf)
<use ./figures//email_spam/rnd_trees.pdf>
Package pdftex.def Info: ./figures//email_spam/rnd_trees.pdf  used on input lin
e 534.
(pdftex.def)             Requested size: 158.27264pt x 156.09244pt.
<./figures//email_spam/rnd_ccpalpha.pdf, id=1681, 361.35pt x 361.35pt>
File: ./figures//email_spam/rnd_ccpalpha.pdf Graphic file (type pdf)
<use ./figures//email_spam/rnd_ccpalpha.pdf>
Package pdftex.def Info: ./figures//email_spam/rnd_ccpalpha.pdf  used on input 
line 537.
(pdftex.def)             Requested size: 158.27264pt x 158.27219pt.
<./figures//email_spam/rnd_depth.pdf, id=1682, 339.5592pt x 335.20233pt>
File: ./figures//email_spam/rnd_depth.pdf Graphic file (type pdf)
<use ./figures//email_spam/rnd_depth.pdf>
Package pdftex.def Info: ./figures//email_spam/rnd_depth.pdf  used on input lin
e 540.
(pdftex.def)             Requested size: 158.27264pt x 156.24596pt.
<./figures//email_spam/rnd_min_samples_leaf.pdf, id=1683, 361.35pt x 361.35pt>
File: ./figures//email_spam/rnd_min_samples_leaf.pdf Graphic file (type pdf)
<use ./figures//email_spam/rnd_min_samples_leaf.pdf>
Package pdftex.def Info: ./figures//email_spam/rnd_min_samples_leaf.pdf  used o
n input line 543.
(pdftex.def)             Requested size: 158.27264pt x 158.27219pt.


Package fancyhdr Warning: \headheight is too small (12.0pt): 
(fancyhdr)                Make it at least 25.16252pt, for example:
(fancyhdr)                \setlength{\headheight}{25.16252pt}.
(fancyhdr)                You might also make \topmargin smaller to compensate:

(fancyhdr)                \addtolength{\topmargin}{-13.16252pt}.

[14 <./figures//email_spam/perc_scaling.pdf> <./figures//email_spam/perc_featur
es.pdf

pdfTeX warning: pdflatex (file ./figures//email_spam/perc_features.pdf): PDF in
clusion: multiple pdfs with page group included in a single page
> <./figures//email_spam/perc_learning_rate.pdf

pdfTeX warning: pdflatex (file ./figures//email_spam/perc_learning_rate.pdf): P
DF inclusion: multiple pdfs with page group included in a single page
> <./figures//email_spam/perc_tolerance.pdf

pdfTeX warning: pdflatex (file ./figures//email_spam/perc_tolerance.pdf): PDF i
nclusion: multiple pdfs with page group included in a single page
> <./figures//email_spam/perc_maxiter.pdf

pdfTeX warning: pdflatex (file ./figures//email_spam/perc_maxiter.pdf): PDF inc
lusion: multiple pdfs with page group included in a single page
>]

Package hyperref Warning: Suppressing empty link on input line 549.


Package hyperref Warning: Suppressing empty link on input line 549.


Package hyperref Warning: Suppressing empty link on input line 549.


Package hyperref Warning: Suppressing empty link on input line 549.


Package hyperref Warning: Suppressing empty link on input line 549.


Package fancyhdr Warning: \headheight is too small (12.0pt): 
(fancyhdr)                Make it at least 25.16252pt, for example:
(fancyhdr)                \setlength{\headheight}{25.16252pt}.
(fancyhdr)                You might also make \topmargin smaller to compensate:

(fancyhdr)                \addtolength{\topmargin}{-13.16252pt}.

[15 <./figures//email_spam/rnd_scaling.pdf> <./figures//email_spam/rnd_features
.pdf

pdfTeX warning: pdflatex (file ./figures//email_spam/rnd_features.pdf): PDF inc
lusion: multiple pdfs with page group included in a single page
> <./figures//email_spam/rnd_trees.pdf

pdfTeX warning: pdflatex (file ./figures//email_spam/rnd_trees.pdf): PDF inclus
ion: multiple pdfs with page group included in a single page
> <./figures//email_spam/rnd_ccpalpha.pdf

pdfTeX warning: pdflatex (file ./figures//email_spam/rnd_ccpalpha.pdf): PDF inc
lusion: multiple pdfs with page group included in a single page
> <./figures//email_spam/rnd_depth.pdf

pdfTeX warning: pdflatex (file ./figures//email_spam/rnd_depth.pdf): PDF inclus
ion: multiple pdfs with page group included in a single page
> <./figures//email_spam/rnd_min_samples_leaf.pdf

pdfTeX warning: pdflatex (file ./figures//email_spam/rnd_min_samples_leaf.pdf):
 PDF inclusion: multiple pdfs with page group included in a single page
>]
<./figures//email_spam/nb_scaling.pdf, id=2090, 361.35pt x 361.35pt>
File: ./figures//email_spam/nb_scaling.pdf Graphic file (type pdf)
<use ./figures//email_spam/nb_scaling.pdf>
Package pdftex.def Info: ./figures//email_spam/nb_scaling.pdf  used on input li
ne 558.
(pdftex.def)             Requested size: 158.27264pt x 158.27219pt.
<./figures//email_spam/nb_features.pdf, id=2091, 361.35pt x 361.35pt>
File: ./figures//email_spam/nb_features.pdf Graphic file (type pdf)
<use ./figures//email_spam/nb_features.pdf>
Package pdftex.def Info: ./figures//email_spam/nb_features.pdf  used on input l
ine 561.
(pdftex.def)             Requested size: 158.27264pt x 158.27219pt.
<./figures//email_spam/nb_smoother.pdf, id=2092, 361.35pt x 361.35pt>
File: ./figures//email_spam/nb_smoother.pdf Graphic file (type pdf)
<use ./figures//email_spam/nb_smoother.pdf>
Package pdftex.def Info: ./figures//email_spam/nb_smoother.pdf  used on input l
ine 564.
(pdftex.def)             Requested size: 158.27264pt x 158.27219pt.


Package fancyhdr Warning: \headheight is too small (12.0pt): 
(fancyhdr)                Make it at least 25.16252pt, for example:
(fancyhdr)                \setlength{\headheight}{25.16252pt}.
(fancyhdr)                You might also make \topmargin smaller to compensate:

(fancyhdr)                \addtolength{\topmargin}{-13.16252pt}.

[16 <./figures//email_spam/nb_scaling.pdf> <./figures//email_spam/nb_features.p
df

pdfTeX warning: pdflatex (file ./figures//email_spam/nb_features.pdf): PDF incl
usion: multiple pdfs with page group included in a single page
> <./figures//email_spam/nb_smoother.pdf

pdfTeX warning: pdflatex (file ./figures//email_spam/nb_smoother.pdf): PDF incl
usion: multiple pdfs with page group included in a single page
>]
<./figures//bridges/classification_trainset.pdf, id=2221, 361.35pt x 361.35pt>
File: ./figures//bridges/classification_trainset.pdf Graphic file (type pdf)
<use ./figures//bridges/classification_trainset.pdf>
Package pdftex.def Info: ./figures//bridges/classification_trainset.pdf  used o
n input line 600.
(pdftex.def)             Requested size: 158.27264pt x 158.27219pt.
<./figures//bridges/bridges_missing.pdf, id=2222, 361.35pt x 361.35pt>
File: ./figures//bridges/bridges_missing.pdf Graphic file (type pdf)
<use ./figures//bridges/bridges_missing.pdf>
Package pdftex.def Info: ./figures//bridges/bridges_missing.pdf  used on input 
line 603.
(pdftex.def)             Requested size: 158.27264pt x 158.27219pt.


Package fancyhdr Warning: \headheight is too small (12.0pt): 
(fancyhdr)                Make it at least 25.16252pt, for example:
(fancyhdr)                \setlength{\headheight}{25.16252pt}.
(fancyhdr)                You might also make \topmargin smaller to compensate:

(fancyhdr)                \addtolength{\topmargin}{-13.16252pt}.

[17 <./figures//bridges/classification_trainset.pdf> <./figures//bridges/bridge
s_missing.pdf

pdfTeX warning: pdflatex (file ./figures//bridges/bridges_missing.pdf): PDF inc
lusion: multiple pdfs with page group included in a single page
>] (report.bbl)

Package fancyhdr Warning: \headheight is too small (12.0pt): 
(fancyhdr)                Make it at least 25.16252pt, for example:
(fancyhdr)                \setlength{\headheight}{25.16252pt}.
(fancyhdr)                You might also make \topmargin smaller to compensate:

(fancyhdr)                \addtolength{\topmargin}{-13.16252pt}.

[18] (report.aux)

LaTeX Warning: There were undefined references.


LaTeX Warning: There were multiply-defined labels.


Package rerunfilecheck Warning: File `report.out' has changed.
(rerunfilecheck)                Rerun to get outlines right
(rerunfilecheck)                or use package `bookmark'.

Package rerunfilecheck Info: Checksums for `report.out':
(rerunfilecheck)             Before: 3DB18F5EF7F258EC059BBA01D4F898B3;1701
(rerunfilecheck)             After:  F1026C85783F66FF6E1E9FA7A23FFFB3;3971.
 ) 
Here is how much of TeX's memory you used:
 26014 strings out of 479321
 471073 string characters out of 2856583
 790116 words of memory out of 3000000
 42889 multiletter control sequences out of 15000+600000
 411656 words of font info for 58 fonts, out of 8000000 for 9000
 1141 hyphenation exceptions out of 8191
 117i,17n,119p,2326b,407s stack positions out of 5000i,500n,10000p,200000b,80000s
pdfTeX warning (dest): name{figure.caption.34} has been referenced but does n
ot exist, replaced by a fixed one

pdfTeX warning (dest): name{figure.caption.39} has been referenced but does not
 exist, replaced by a fixed one

pdfTeX warning (dest): name{figure.caption.29} has been referenced but does not
 exist, replaced by a fixed one

pdfTeX warning (dest): name{section*.37} has been referenced but does not exist
, replaced by a fixed one

pdfTeX warning (dest): name{section*.36} has been referenced but does not exist
, replaced by a fixed one

pdfTeX warning (dest): name{section*.35} has been referenced but does not exist
, replaced by a fixed one

pdfTeX warning (dest): name{section*.32} has been referenced but does not exist
, replaced by a fixed one

pdfTeX warning (dest): name{section*.31} has been referenced but does not exist
, replaced by a fixed one

pdfTeX warning (dest): name{section*.26} has been referenced but does not exist
, replaced by a fixed one

pdfTeX warning (dest): name{section*.25} has been referenced but does not exist
, replaced by a fixed one

pdfTeX warning (dest): name{section*.22} has been referenced but does not exist
, replaced by a fixed one

pdfTeX warning (dest): name{section*.19} has been referenced but does not exist
, replaced by a fixed one

pdfTeX warning (dest): name{section*.18} has been referenced but does not exist
, replaced by a fixed one

<C:/Users/saeny/AppData/Local/Programs/MiKTeX/fonts/type1/public/amsfonts/cm/cm
bx10.pfb><C:/Users/saeny/AppData/Local/Programs/MiKTeX/fonts/type1/public/amsfo
nts/cm/cmbx12.pfb><C:/Users/saeny/AppData/Local/Programs/MiKTeX/fonts/type1/pub
lic/amsfonts/cm/cmex10.pfb><C:/Users/saeny/AppData/Local/Programs/MiKTeX/fonts/
type1/public/amsfonts/cm/cmmi10.pfb><C:/Users/saeny/AppData/Local/Programs/MiKT
eX/fonts/type1/public/amsfonts/cm/cmmi8.pfb><C:/Users/saeny/AppData/Local/Progr
ams/MiKTeX/fonts/type1/public/amsfonts/cm/cmr10.pfb><C:/Users/saeny/AppData/Loc
al/Programs/MiKTeX/fonts/type1/public/amsfonts/cm/cmr12.pfb><C:/Users/saeny/App
Data/Local/Programs/MiKTeX/fonts/type1/public/amsfonts/cm/cmr17.pfb><C:/Users/s
aeny/AppData/Local/Programs/MiKTeX/fonts/type1/public/amsfonts/cm/cmr8.pfb><C:/
Users/saeny/AppData/Local/Programs/MiKTeX/fonts/type1/public/amsfonts/cm/cmsy10
.pfb><C:/Users/saeny/AppData/Local/Programs/MiKTeX/fonts/type1/public/amsfonts/
cm/cmsy8.pfb><C:/Users/saeny/AppData/Local/Programs/MiKTeX/fonts/type1/public/a
msfonts/cm/cmti10.pfb><C:/Users/saeny/AppData/Local/Programs/MiKTeX/fonts/type1
/public/amsfonts/cm/cmtt10.pfb><C:/Users/saeny/AppData/Local/Programs/MiKTeX/fo
nts/type1/public/amsfonts/symbols/msbm10.pfb>
Output written on report.pdf (18 pages, 976271 bytes).
PDF statistics:
 2384 PDF objects out of 2487 (max. 8388607)
 87 named destinations out of 1000 (max. 500000)
 501 words of extra memory for PDF output out of 10000 (max. 10000000)

