\BOOKMARK [1][-]{section*.1}{Introduction}{}% 1
\BOOKMARK [2][-]{section*.2}{Applied Algorithms}{section*.1}% 2
\BOOKMARK [1][-]{section*.3}{Amazon Reviews Dataset}{}% 3
\BOOKMARK [2][-]{section*.4}{Dataset Description}{section*.3}% 4
\BOOKMARK [2][-]{section*.5}{Pre-Processing}{section*.3}% 5
\BOOKMARK [2][-]{section*.6}{Parameter-Tuning}{section*.3}% 6
\BOOKMARK [2][-]{section*.7}{Performance-Analysis}{section*.3}% 7
\BOOKMARK [1][-]{section*.8}{Congressional Voting Dataset}{}% 8
\BOOKMARK [2][-]{section*.9}{Dataset Description}{section*.8}% 9
\BOOKMARK [2][-]{section*.10}{Pre-Processing}{section*.8}% 10
\BOOKMARK [2][-]{section*.11}{Parameter-Tuning}{section*.8}% 11
\BOOKMARK [2][-]{section*.12}{Performance-Analysis}{section*.8}% 12
\BOOKMARK [1][-]{section*.13}{Email Spam Dataset}{}% 13
\BOOKMARK [2][-]{section*.14}{Dataset Description}{section*.13}% 14
\BOOKMARK [2][-]{section*.15}{Pre-Processing}{section*.13}% 15
\BOOKMARK [2][-]{section*.16}{Parameter-Tuning}{section*.13}% 16
\BOOKMARK [2][-]{section*.17}{Performance-Analysis}{section*.13}% 17
\BOOKMARK [1][-]{section*.18}{Bridges Dataset}{}% 18
\BOOKMARK [2][-]{section*.19}{Dataset Description}{section*.18}% 19
\BOOKMARK [2][-]{section*.20}{Pre-Processing}{section*.18}% 20
\BOOKMARK [2][-]{section*.21}{Parameter-Tuning}{section*.18}% 21
\BOOKMARK [2][-]{section*.22}{Performance-Analysis}{section*.18}% 22
\BOOKMARK [1][-]{section*.23}{Conclusion}{}% 23
