This is pdfTeX, Version 3.14159265-2.6-1.40.20 (TeX Live 2019/Debian) (preloaded format=pdflatex 2021.3.5)  25 JUL 2021 19:50
entering extended mode
 restricted \write18 enabled.
 %&-line parsing enabled.
**report.tex
(./report.tex
LaTeX2e <2020-02-02> patch level 2
L3 programming layer <2020-02-14>
(/usr/share/texlive/texmf-dist/tex/latex/base/article.cls
Document Class: article 2019/12/20 v1.4l Standard LaTeX document class
(/usr/share/texlive/texmf-dist/tex/latex/base/size11.clo
File: size11.clo 2019/12/20 v1.4l Standard LaTeX file (size option)
)
\c@part=\count167
\c@section=\count168
\c@subsection=\count169
\c@subsubsection=\count170
\c@paragraph=\count171
\c@subparagraph=\count172
\c@figure=\count173
\c@table=\count174
\abovecaptionskip=\skip47
\belowcaptionskip=\skip48
\bibindent=\dimen134
) (./Packages.tex
(/usr/share/texlive/texmf-dist/tex/latex/tcolorbox/tcolorbox.sty
Package: tcolorbox 2019/11/15 version 4.22 text color boxes

(/usr/share/texlive/texmf-dist/tex/latex/pgf/basiclayer/pgf.sty
(/usr/share/texlive/texmf-dist/tex/latex/pgf/utilities/pgfrcs.sty
(/usr/share/texlive/texmf-dist/tex/generic/pgf/utilities/pgfutil-common.tex
\pgfutil@everybye=\toks14
\pgfutil@tempdima=\dimen135
\pgfutil@tempdimb=\dimen136

(/usr/share/texlive/texmf-dist/tex/generic/pgf/utilities/pgfutil-common-lists.t
ex)) (/usr/share/texlive/texmf-dist/tex/generic/pgf/utilities/pgfutil-latex.def
\pgfutil@abb=\box45
(/usr/share/texlive/texmf-dist/tex/latex/ms/everyshi.sty
Package: everyshi 2001/05/15 v3.00 EveryShipout Package (MS)
))
(/usr/share/texlive/texmf-dist/tex/generic/pgf/utilities/pgfrcs.code.tex
(/usr/share/texlive/texmf-dist/tex/generic/pgf/pgf.revision.tex)
Package: pgfrcs 2020/01/08 v3.1.5b (3.1.5b)
))
Package: pgf 2020/01/08 v3.1.5b (3.1.5b)

(/usr/share/texlive/texmf-dist/tex/latex/pgf/basiclayer/pgfcore.sty
(/usr/share/texlive/texmf-dist/tex/latex/graphics/graphicx.sty
Package: graphicx 2019/11/30 v1.2a Enhanced LaTeX Graphics (DPC,SPQR)

(/usr/share/texlive/texmf-dist/tex/latex/graphics/keyval.sty
Package: keyval 2014/10/28 v1.15 key=value parser (DPC)
\KV@toks@=\toks15
)
(/usr/share/texlive/texmf-dist/tex/latex/graphics/graphics.sty
Package: graphics 2019/11/30 v1.4a Standard LaTeX Graphics (DPC,SPQR)

(/usr/share/texlive/texmf-dist/tex/latex/graphics/trig.sty
Package: trig 2016/01/03 v1.10 sin cos tan (DPC)
)
(/usr/share/texlive/texmf-dist/tex/latex/graphics-cfg/graphics.cfg
File: graphics.cfg 2016/06/04 v1.11 sample graphics configuration
)
Package graphics Info: Driver file: pdftex.def on input line 105.

(/usr/share/texlive/texmf-dist/tex/latex/graphics-def/pdftex.def
File: pdftex.def 2018/01/08 v1.0l Graphics/color driver for pdftex
))
\Gin@req@height=\dimen137
\Gin@req@width=\dimen138
)
(/usr/share/texlive/texmf-dist/tex/latex/pgf/systemlayer/pgfsys.sty
(/usr/share/texlive/texmf-dist/tex/generic/pgf/systemlayer/pgfsys.code.tex
Package: pgfsys 2020/01/08 v3.1.5b (3.1.5b)

(/usr/share/texlive/texmf-dist/tex/generic/pgf/utilities/pgfkeys.code.tex
\pgfkeys@pathtoks=\toks16
\pgfkeys@temptoks=\toks17

(/usr/share/texlive/texmf-dist/tex/generic/pgf/utilities/pgfkeysfiltered.code.t
ex
\pgfkeys@tmptoks=\toks18
))
\pgf@x=\dimen139
\pgf@y=\dimen140
\pgf@xa=\dimen141
\pgf@ya=\dimen142
\pgf@xb=\dimen143
\pgf@yb=\dimen144
\pgf@xc=\dimen145
\pgf@yc=\dimen146
\pgf@xd=\dimen147
\pgf@yd=\dimen148
\w@pgf@writea=\write3
\r@pgf@reada=\read2
\c@pgf@counta=\count175
\c@pgf@countb=\count176
\c@pgf@countc=\count177
\c@pgf@countd=\count178
\t@pgf@toka=\toks19
\t@pgf@tokb=\toks20
\t@pgf@tokc=\toks21
\pgf@sys@id@count=\count179
 (/usr/share/texlive/texmf-dist/tex/generic/pgf/systemlayer/pgf.cfg
File: pgf.cfg 2020/01/08 v3.1.5b (3.1.5b)
)
Driver file for pgf: pgfsys-pdftex.def

(/usr/share/texlive/texmf-dist/tex/generic/pgf/systemlayer/pgfsys-pdftex.def
File: pgfsys-pdftex.def 2020/01/08 v3.1.5b (3.1.5b)

(/usr/share/texlive/texmf-dist/tex/generic/pgf/systemlayer/pgfsys-common-pdf.de
f
File: pgfsys-common-pdf.def 2020/01/08 v3.1.5b (3.1.5b)
)))
(/usr/share/texlive/texmf-dist/tex/generic/pgf/systemlayer/pgfsyssoftpath.code.
tex
File: pgfsyssoftpath.code.tex 2020/01/08 v3.1.5b (3.1.5b)
\pgfsyssoftpath@smallbuffer@items=\count180
\pgfsyssoftpath@bigbuffer@items=\count181
)
(/usr/share/texlive/texmf-dist/tex/generic/pgf/systemlayer/pgfsysprotocol.code.
tex
File: pgfsysprotocol.code.tex 2020/01/08 v3.1.5b (3.1.5b)
)) (/usr/share/texlive/texmf-dist/tex/latex/xcolor/xcolor.sty
Package: xcolor 2016/05/11 v2.12 LaTeX color extensions (UK)

(/usr/share/texlive/texmf-dist/tex/latex/graphics-cfg/color.cfg
File: color.cfg 2016/01/02 v1.6 sample color configuration
)
Package xcolor Info: Driver file: pdftex.def on input line 225.
Package xcolor Info: Model `cmy' substituted by `cmy0' on input line 1348.
Package xcolor Info: Model `hsb' substituted by `rgb' on input line 1352.
Package xcolor Info: Model `RGB' extended on input line 1364.
Package xcolor Info: Model `HTML' substituted by `rgb' on input line 1366.
Package xcolor Info: Model `Hsb' substituted by `hsb' on input line 1367.
Package xcolor Info: Model `tHsb' substituted by `hsb' on input line 1368.
Package xcolor Info: Model `HSB' substituted by `hsb' on input line 1369.
Package xcolor Info: Model `Gray' substituted by `gray' on input line 1370.
Package xcolor Info: Model `wave' substituted by `hsb' on input line 1371.
)
(/usr/share/texlive/texmf-dist/tex/generic/pgf/basiclayer/pgfcore.code.tex
Package: pgfcore 2020/01/08 v3.1.5b (3.1.5b)

(/usr/share/texlive/texmf-dist/tex/generic/pgf/math/pgfmath.code.tex
(/usr/share/texlive/texmf-dist/tex/generic/pgf/math/pgfmathcalc.code.tex
(/usr/share/texlive/texmf-dist/tex/generic/pgf/math/pgfmathutil.code.tex)
(/usr/share/texlive/texmf-dist/tex/generic/pgf/math/pgfmathparser.code.tex
\pgfmath@dimen=\dimen149
\pgfmath@count=\count182
\pgfmath@box=\box46
\pgfmath@toks=\toks22
\pgfmath@stack@operand=\toks23
\pgfmath@stack@operation=\toks24
)
(/usr/share/texlive/texmf-dist/tex/generic/pgf/math/pgfmathfunctions.code.tex
(/usr/share/texlive/texmf-dist/tex/generic/pgf/math/pgfmathfunctions.basic.code
.tex)
(/usr/share/texlive/texmf-dist/tex/generic/pgf/math/pgfmathfunctions.trigonomet
ric.code.tex)
(/usr/share/texlive/texmf-dist/tex/generic/pgf/math/pgfmathfunctions.random.cod
e.tex)
(/usr/share/texlive/texmf-dist/tex/generic/pgf/math/pgfmathfunctions.comparison
.code.tex)
(/usr/share/texlive/texmf-dist/tex/generic/pgf/math/pgfmathfunctions.base.code.
tex)
(/usr/share/texlive/texmf-dist/tex/generic/pgf/math/pgfmathfunctions.round.code
.tex)
(/usr/share/texlive/texmf-dist/tex/generic/pgf/math/pgfmathfunctions.misc.code.
tex)
(/usr/share/texlive/texmf-dist/tex/generic/pgf/math/pgfmathfunctions.integerari
thmetics.code.tex)))
(/usr/share/texlive/texmf-dist/tex/generic/pgf/math/pgfmathfloat.code.tex
\c@pgfmathroundto@lastzeros=\count183
))
(/usr/share/texlive/texmf-dist/tex/generic/pgf/math/pgfint.code.tex)
(/usr/share/texlive/texmf-dist/tex/generic/pgf/basiclayer/pgfcorepoints.code.te
x
File: pgfcorepoints.code.tex 2020/01/08 v3.1.5b (3.1.5b)
\pgf@picminx=\dimen150
\pgf@picmaxx=\dimen151
\pgf@picminy=\dimen152
\pgf@picmaxy=\dimen153
\pgf@pathminx=\dimen154
\pgf@pathmaxx=\dimen155
\pgf@pathminy=\dimen156
\pgf@pathmaxy=\dimen157
\pgf@xx=\dimen158
\pgf@xy=\dimen159
\pgf@yx=\dimen160
\pgf@yy=\dimen161
\pgf@zx=\dimen162
\pgf@zy=\dimen163
)
(/usr/share/texlive/texmf-dist/tex/generic/pgf/basiclayer/pgfcorepathconstruct.
code.tex
File: pgfcorepathconstruct.code.tex 2020/01/08 v3.1.5b (3.1.5b)
\pgf@path@lastx=\dimen164
\pgf@path@lasty=\dimen165
)
(/usr/share/texlive/texmf-dist/tex/generic/pgf/basiclayer/pgfcorepathusage.code
.tex
File: pgfcorepathusage.code.tex 2020/01/08 v3.1.5b (3.1.5b)
\pgf@shorten@end@additional=\dimen166
\pgf@shorten@start@additional=\dimen167
)
(/usr/share/texlive/texmf-dist/tex/generic/pgf/basiclayer/pgfcorescopes.code.te
x
File: pgfcorescopes.code.tex 2020/01/08 v3.1.5b (3.1.5b)
\pgfpic=\box47
\pgf@hbox=\box48
\pgf@layerbox@main=\box49
\pgf@picture@serial@count=\count184
)
(/usr/share/texlive/texmf-dist/tex/generic/pgf/basiclayer/pgfcoregraphicstate.c
ode.tex
File: pgfcoregraphicstate.code.tex 2020/01/08 v3.1.5b (3.1.5b)
\pgflinewidth=\dimen168
)
(/usr/share/texlive/texmf-dist/tex/generic/pgf/basiclayer/pgfcoretransformation
s.code.tex
File: pgfcoretransformations.code.tex 2020/01/08 v3.1.5b (3.1.5b)
\pgf@pt@x=\dimen169
\pgf@pt@y=\dimen170
\pgf@pt@temp=\dimen171
)
(/usr/share/texlive/texmf-dist/tex/generic/pgf/basiclayer/pgfcorequick.code.tex
File: pgfcorequick.code.tex 2020/01/08 v3.1.5b (3.1.5b)
)
(/usr/share/texlive/texmf-dist/tex/generic/pgf/basiclayer/pgfcoreobjects.code.t
ex
File: pgfcoreobjects.code.tex 2020/01/08 v3.1.5b (3.1.5b)
)
(/usr/share/texlive/texmf-dist/tex/generic/pgf/basiclayer/pgfcorepathprocessing
.code.tex
File: pgfcorepathprocessing.code.tex 2020/01/08 v3.1.5b (3.1.5b)
)
(/usr/share/texlive/texmf-dist/tex/generic/pgf/basiclayer/pgfcorearrows.code.te
x
File: pgfcorearrows.code.tex 2020/01/08 v3.1.5b (3.1.5b)
\pgfarrowsep=\dimen172
)
(/usr/share/texlive/texmf-dist/tex/generic/pgf/basiclayer/pgfcoreshade.code.tex
File: pgfcoreshade.code.tex 2020/01/08 v3.1.5b (3.1.5b)
\pgf@max=\dimen173
\pgf@sys@shading@range@num=\count185
\pgf@shadingcount=\count186
)
(/usr/share/texlive/texmf-dist/tex/generic/pgf/basiclayer/pgfcoreimage.code.tex
File: pgfcoreimage.code.tex 2020/01/08 v3.1.5b (3.1.5b)

(/usr/share/texlive/texmf-dist/tex/generic/pgf/basiclayer/pgfcoreexternal.code.
tex
File: pgfcoreexternal.code.tex 2020/01/08 v3.1.5b (3.1.5b)
\pgfexternal@startupbox=\box50
))
(/usr/share/texlive/texmf-dist/tex/generic/pgf/basiclayer/pgfcorelayers.code.te
x
File: pgfcorelayers.code.tex 2020/01/08 v3.1.5b (3.1.5b)
)
(/usr/share/texlive/texmf-dist/tex/generic/pgf/basiclayer/pgfcoretransparency.c
ode.tex
File: pgfcoretransparency.code.tex 2020/01/08 v3.1.5b (3.1.5b)
)
(/usr/share/texlive/texmf-dist/tex/generic/pgf/basiclayer/pgfcorepatterns.code.
tex
File: pgfcorepatterns.code.tex 2020/01/08 v3.1.5b (3.1.5b)
)
(/usr/share/texlive/texmf-dist/tex/generic/pgf/basiclayer/pgfcorerdf.code.tex
File: pgfcorerdf.code.tex 2020/01/08 v3.1.5b (3.1.5b)
)))
(/usr/share/texlive/texmf-dist/tex/generic/pgf/modules/pgfmoduleshapes.code.tex
File: pgfmoduleshapes.code.tex 2020/01/08 v3.1.5b (3.1.5b)
\pgfnodeparttextbox=\box51
) (/usr/share/texlive/texmf-dist/tex/generic/pgf/modules/pgfmoduleplot.code.tex
File: pgfmoduleplot.code.tex 2020/01/08 v3.1.5b (3.1.5b)
)
(/usr/share/texlive/texmf-dist/tex/latex/pgf/compatibility/pgfcomp-version-0-65
.sty
Package: pgfcomp-version-0-65 2020/01/08 v3.1.5b (3.1.5b)
\pgf@nodesepstart=\dimen174
\pgf@nodesepend=\dimen175
)
(/usr/share/texlive/texmf-dist/tex/latex/pgf/compatibility/pgfcomp-version-1-18
.sty
Package: pgfcomp-version-1-18 2020/01/08 v3.1.5b (3.1.5b)
)) (/usr/share/texlive/texmf-dist/tex/latex/tools/verbatim.sty
Package: verbatim 2019/11/10 v1.5r LaTeX2e package for verbatim enhancements
\every@verbatim=\toks25
\verbatim@line=\toks26
\verbatim@in@stream=\read3
)
(/usr/share/texlive/texmf-dist/tex/latex/environ/environ.sty
Package: environ 2014/05/04 v0.3 A new way to define environments

(/usr/share/texlive/texmf-dist/tex/latex/trimspaces/trimspaces.sty
Package: trimspaces 2009/09/17 v1.1 Trim spaces around a token list
)
\@envbody=\toks27
)
(/usr/share/texlive/texmf-dist/tex/latex/etoolbox/etoolbox.sty
Package: etoolbox 2019/09/21 v2.5h e-TeX tools for LaTeX (JAW)
\etb@tempcnta=\count187
)
\tcb@titlebox=\box52
\tcb@upperbox=\box53
\tcb@lowerbox=\box54
\tcb@phantombox=\box55
\c@tcbbreakpart=\count188
\c@tcblayer=\count189
\tcolorbox@number=\count190
\tcb@temp=\box56
\tcb@temp=\box57
\tcb@temp=\box58
\tcb@temp=\box59
\tcb@out=\write4
\tcb@record@out=\write5

(/usr/share/texlive/texmf-dist/tex/latex/tcolorbox/tcbbreakable.code.tex
Library (tcolorbox): 'tcbbreakable.code.tex' version '4.22'
\tcb@testbox=\box60
\tcb@totalupperbox=\box61
\tcb@totallowerbox=\box62
)) (/usr/share/texlive/texmf-dist/tex/latex/float/float.sty
Package: float 2001/11/08 v1.3d Float enhancements (AL)
\c@float@type=\count191
\float@exts=\toks28
\float@box=\box63
\@float@everytoks=\toks29
\@floatcapt=\box64
)
(/usr/share/texlive/texmf-dist/tex/latex/tools/multicol.sty
Package: multicol 2019/12/09 v1.8y multicolumn formatting (FMi)
\c@tracingmulticols=\count192
\mult@box=\box65
\multicol@leftmargin=\dimen176
\c@unbalance=\count193
\c@collectmore=\count194
\doublecol@number=\count195
\multicoltolerance=\count196
\multicolpretolerance=\count197
\full@width=\dimen177
\page@free=\dimen178
\premulticols=\dimen179
\postmulticols=\dimen180
\multicolsep=\skip49
\multicolbaselineskip=\skip50
\partial@page=\box66
\last@line=\box67
\maxbalancingoverflow=\dimen181
\mult@rightbox=\box68
\mult@grightbox=\box69
\mult@gfirstbox=\box70
\mult@firstbox=\box71
\@tempa=\box72
\@tempa=\box73
\@tempa=\box74
\@tempa=\box75
\@tempa=\box76
\@tempa=\box77
\@tempa=\box78
\@tempa=\box79
\@tempa=\box80
\@tempa=\box81
\@tempa=\box82
\@tempa=\box83
\@tempa=\box84
\@tempa=\box85
\@tempa=\box86
\@tempa=\box87
\@tempa=\box88
\@tempa=\box89
\@tempa=\box90
\@tempa=\box91
\@tempa=\box92
\@tempa=\box93
\@tempa=\box94
\@tempa=\box95
\@tempa=\box96
\@tempa=\box97
\@tempa=\box98
\@tempa=\box99
\@tempa=\box100
\@tempa=\box101
\@tempa=\box102
\@tempa=\box103
\@tempa=\box104
\@tempa=\box105
\@tempa=\box106
\@tempa=\box107
\@tempa=\box108
\c@minrows=\count198
\c@columnbadness=\count199
\c@finalcolumnbadness=\count266
\last@try=\dimen182
\multicolovershoot=\dimen183
\multicolundershoot=\dimen184
\mult@nat@firstbox=\box109
\colbreak@box=\box110
\mc@col@check@num=\count267
)
(/usr/share/texlive/texmf-dist/tex/generic/babel/babel.sty
Package: babel 2020/02/14 3.40 The Babel package

(/usr/share/texlive/texmf-dist/tex/generic/babel/switch.def
File: switch.def 2020/02/14 3.40 Babel switching mechanism
)
(/usr/share/texlive/texmf-dist/tex/generic/babel-english/english.ldf
Language: english 2017/06/06 v3.3r English support from the babel system

(/usr/share/texlive/texmf-dist/tex/generic/babel/babel.def
File: babel.def 2020/02/14 3.40 Babel common definitions
\babel@savecnt=\count268
\U@D=\dimen185

(/usr/share/texlive/texmf-dist/tex/generic/babel/txtbabel.def)
\bbl@readstream=\read4
\bbl@dirlevel=\count269
)
Package babel Info: \l@canadian = using hyphenrules for english
(babel)             (\language0) on input line 102.
Package babel Info: \l@australian = using hyphenrules for ukenglish
(babel)             (\language48) on input line 105.
Package babel Info: \l@newzealand = using hyphenrules for ukenglish
(babel)             (\language48) on input line 108.
))
(/usr/share/texlive/texmf-dist/tex/latex/tools/tabularx.sty
Package: tabularx 2020/01/15 v2.11c `tabularx' package (DPC)

(/usr/share/texlive/texmf-dist/tex/latex/tools/array.sty
Package: array 2019/08/31 v2.4l Tabular extension package (FMi)
\col@sep=\dimen186
\ar@mcellbox=\box111
\extrarowheight=\dimen187
\NC@list=\toks30
\extratabsurround=\skip51
\backup@length=\skip52
\ar@cellbox=\box112
)
\TX@col@width=\dimen188
\TX@old@table=\dimen189
\TX@old@col=\dimen190
\TX@target=\dimen191
\TX@delta=\dimen192
\TX@cols=\count270
\TX@ftn=\toks31
)
(/usr/share/texlive/texmf-dist/tex/latex/subfigure/subfigure.sty
Package: subfigure 2002/03/15 v2.1.5 subfigure package
\subfigtopskip=\skip53
\subfigcapskip=\skip54
\subfigcaptopadj=\dimen193
\subfigbottomskip=\skip55
\subfigcapmargin=\dimen194
\subfiglabelskip=\skip56
\c@subfigure=\count271
\c@lofdepth=\count272
\c@subtable=\count273
\c@lotdepth=\count274

****************************************
* Local config file subfigure.cfg used *
****************************************
(/usr/share/texlive/texmf-dist/tex/latex/subfigure/subfigure.cfg)
\subfig@top=\skip57
\subfig@bottom=\skip58
)
(/usr/share/texlive/texmf-dist/tex/latex/picture/picture.sty
Package: picture 2019/12/09 v1.5 Dimens for picture macros (HO)
Package picture Info: Calculation method: etex.
)
(/usr/share/texlive/texmf-dist/tex/latex/amsmath/amsmath.sty
Package: amsmath 2020/01/20 v2.17e AMS math features
\@mathmargin=\skip59

For additional information on amsmath, use the `?' option.
(/usr/share/texlive/texmf-dist/tex/latex/amsmath/amstext.sty
Package: amstext 2000/06/29 v2.01 AMS text

(/usr/share/texlive/texmf-dist/tex/latex/amsmath/amsgen.sty
File: amsgen.sty 1999/11/30 v2.0 generic functions
\@emptytoks=\toks32
\ex@=\dimen195
))
(/usr/share/texlive/texmf-dist/tex/latex/amsmath/amsbsy.sty
Package: amsbsy 1999/11/29 v1.2d Bold Symbols
\pmbraise@=\dimen196
)
(/usr/share/texlive/texmf-dist/tex/latex/amsmath/amsopn.sty
Package: amsopn 2016/03/08 v2.02 operator names
)
\inf@bad=\count275
LaTeX Info: Redefining \frac on input line 227.
\uproot@=\count276
\leftroot@=\count277
LaTeX Info: Redefining \overline on input line 389.
\classnum@=\count278
\DOTSCASE@=\count279
LaTeX Info: Redefining \ldots on input line 486.
LaTeX Info: Redefining \dots on input line 489.
LaTeX Info: Redefining \cdots on input line 610.
\Mathstrutbox@=\box113
\strutbox@=\box114
\big@size=\dimen197
LaTeX Font Info:    Redeclaring font encoding OML on input line 733.
LaTeX Font Info:    Redeclaring font encoding OMS on input line 734.
\macc@depth=\count280
\c@MaxMatrixCols=\count281
\dotsspace@=\muskip16
\c@parentequation=\count282
\dspbrk@lvl=\count283
\tag@help=\toks33
\row@=\count284
\column@=\count285
\maxfields@=\count286
\andhelp@=\toks34
\eqnshift@=\dimen198
\alignsep@=\dimen199
\tagshift@=\dimen256
\tagwidth@=\dimen257
\totwidth@=\dimen258
\lineht@=\dimen259
\@envbody=\toks35
\multlinegap=\skip60
\multlinetaggap=\skip61
\mathdisplay@stack=\toks36
LaTeX Info: Redefining \[ on input line 2859.
LaTeX Info: Redefining \] on input line 2860.
)
(/usr/share/texlive/texmf-dist/tex/latex/hyperref/hyperref.sty
Package: hyperref 2020/01/14 v7.00d Hypertext links for LaTeX

(/usr/share/texlive/texmf-dist/tex/generic/ltxcmds/ltxcmds.sty
Package: ltxcmds 2019/12/15 v1.24 LaTeX kernel commands for general use (HO)
)
(/usr/share/texlive/texmf-dist/tex/generic/iftex/iftex.sty
Package: iftex 2019/11/07 v1.0c TeX engine tests
)
(/usr/share/texlive/texmf-dist/tex/latex/pdftexcmds/pdftexcmds.sty
Package: pdftexcmds 2019/11/24 v0.31 Utility functions of pdfTeX for LuaTeX (HO
)

(/usr/share/texlive/texmf-dist/tex/generic/infwarerr/infwarerr.sty
Package: infwarerr 2019/12/03 v1.5 Providing info/warning/error messages (HO)
)
Package pdftexcmds Info: \pdf@primitive is available.
Package pdftexcmds Info: \pdf@ifprimitive is available.
Package pdftexcmds Info: \pdfdraftmode found.
)
(/usr/share/texlive/texmf-dist/tex/generic/kvsetkeys/kvsetkeys.sty
Package: kvsetkeys 2019/12/15 v1.18 Key value parser (HO)
)
(/usr/share/texlive/texmf-dist/tex/generic/kvdefinekeys/kvdefinekeys.sty
Package: kvdefinekeys 2019-12-19 v1.6 Define keys (HO)
)
(/usr/share/texlive/texmf-dist/tex/generic/pdfescape/pdfescape.sty
Package: pdfescape 2019/12/09 v1.15 Implements pdfTeX's escape features (HO)
)
(/usr/share/texlive/texmf-dist/tex/latex/hycolor/hycolor.sty
Package: hycolor 2020-01-27 v1.10 Color options for hyperref/bookmark (HO)
)
(/usr/share/texlive/texmf-dist/tex/latex/letltxmacro/letltxmacro.sty
Package: letltxmacro 2019/12/03 v1.6 Let assignment for LaTeX macros (HO)
)
(/usr/share/texlive/texmf-dist/tex/latex/auxhook/auxhook.sty
Package: auxhook 2019-12-17 v1.6 Hooks for auxiliary files (HO)
)
(/usr/share/texlive/texmf-dist/tex/latex/kvoptions/kvoptions.sty
Package: kvoptions 2019/11/29 v3.13 Key value format for package options (HO)
)
\@linkdim=\dimen260
\Hy@linkcounter=\count287
\Hy@pagecounter=\count288

(/usr/share/texlive/texmf-dist/tex/latex/hyperref/pd1enc.def
File: pd1enc.def 2020/01/14 v7.00d Hyperref: PDFDocEncoding definition (HO)
Now handling font encoding PD1 ...
... no UTF-8 mapping file for font encoding PD1
)
(/usr/share/texlive/texmf-dist/tex/generic/intcalc/intcalc.sty
Package: intcalc 2019/12/15 v1.3 Expandable calculations with integers (HO)
)
(/usr/share/texlive/texmf-dist/tex/generic/etexcmds/etexcmds.sty
Package: etexcmds 2019/12/15 v1.7 Avoid name clashes with e-TeX commands (HO)
)
\Hy@SavedSpaceFactor=\count289
\pdfmajorversion=\count290
Package hyperref Info: Hyper figures OFF on input line 4547.
Package hyperref Info: Link nesting OFF on input line 4552.
Package hyperref Info: Hyper index ON on input line 4555.
Package hyperref Info: Plain pages OFF on input line 4562.
Package hyperref Info: Backreferencing OFF on input line 4567.
Package hyperref Info: Implicit mode ON; LaTeX internals redefined.
Package hyperref Info: Bookmarks ON on input line 4800.
\c@Hy@tempcnt=\count291

(/usr/share/texlive/texmf-dist/tex/latex/url/url.sty
\Urlmuskip=\muskip17
Package: url 2013/09/16  ver 3.4  Verb mode for urls, etc.
)
LaTeX Info: Redefining \url on input line 5159.
\XeTeXLinkMargin=\dimen261

(/usr/share/texlive/texmf-dist/tex/generic/bitset/bitset.sty
Package: bitset 2019/12/09 v1.3 Handle bit-vector datatype (HO)

(/usr/share/texlive/texmf-dist/tex/generic/bigintcalc/bigintcalc.sty
Package: bigintcalc 2019/12/15 v1.5 Expandable calculations on big integers (HO
)
))
\Fld@menulength=\count292
\Field@Width=\dimen262
\Fld@charsize=\dimen263
Package hyperref Info: Hyper figures OFF on input line 6430.
Package hyperref Info: Link nesting OFF on input line 6435.
Package hyperref Info: Hyper index ON on input line 6438.
Package hyperref Info: backreferencing OFF on input line 6445.
Package hyperref Info: Link coloring OFF on input line 6450.
Package hyperref Info: Link coloring with OCG OFF on input line 6455.
Package hyperref Info: PDF/A mode OFF on input line 6460.
LaTeX Info: Redefining \ref on input line 6500.
LaTeX Info: Redefining \pageref on input line 6504.

(/usr/share/texlive/texmf-dist/tex/generic/atbegshi/atbegshi.sty
Package: atbegshi 2019/12/05 v1.19 At begin shipout hook (HO)
)
\Hy@abspage=\count293
\c@Item=\count294
\c@Hfootnote=\count295
)
Package hyperref Info: Driver (autodetected): hpdftex.

(/usr/share/texlive/texmf-dist/tex/latex/hyperref/hpdftex.def
File: hpdftex.def 2020/01/14 v7.00d Hyperref driver for pdfTeX

(/usr/share/texlive/texmf-dist/tex/latex/atveryend/atveryend.sty
Package: atveryend 2019-12-11 v1.11 Hooks at the very end of document (HO)
)
\Fld@listcount=\count296
\c@bookmark@seq@number=\count297

(/usr/share/texlive/texmf-dist/tex/latex/rerunfilecheck/rerunfilecheck.sty
Package: rerunfilecheck 2019/12/05 v1.9 Rerun checks for auxiliary files (HO)

(/usr/share/texlive/texmf-dist/tex/generic/uniquecounter/uniquecounter.sty
Package: uniquecounter 2019/12/15 v1.4 Provide unlimited unique counter (HO)
)
Package uniquecounter Info: New unique counter `rerunfilecheck' on input line 2
86.
)
\Hy@SectionHShift=\skip62
)
Package hyperref Info: Option `colorlinks' set `true' on input line 19.

(/usr/share/texlive/texmf-dist/tex/latex/caption/caption.sty
Package: caption 2020/01/03 v3.4h Customizing captions (AR)

(/usr/share/texlive/texmf-dist/tex/latex/caption/caption3.sty
Package: caption3 2020/01/03 v1.8h caption3 kernel (AR)
Package caption3 Info: TeX engine: e-TeX on input line 61.
\captionmargin=\dimen264
\captionmargin@=\dimen265
\captionwidth=\dimen266
\caption@tempdima=\dimen267
\caption@indent=\dimen268
\caption@parindent=\dimen269
\caption@hangindent=\dimen270
Package caption Info: Standard document class detected.
)
\c@caption@flags=\count298
\c@continuedfloat=\count299
Package caption Info: float package is loaded.
Package caption Info: hyperref package is loaded.
Package caption Info: subfigure package is loaded.
)
(/usr/share/texlive/texmf-dist/tex/latex/adjustbox/adjustbox.sty
Package: adjustbox 2019/01/04 v1.2 Adjusting TeX boxes (trim, clip, ...)

(/usr/share/texlive/texmf-dist/tex/latex/xkeyval/xkeyval.sty
Package: xkeyval 2014/12/03 v2.7a package option processing (HA)

(/usr/share/texlive/texmf-dist/tex/generic/xkeyval/xkeyval.tex
(/usr/share/texlive/texmf-dist/tex/generic/xkeyval/xkvutils.tex
\XKV@toks=\toks37
\XKV@tempa@toks=\toks38
)
\XKV@depth=\count300
File: xkeyval.tex 2014/12/03 v2.7a key=value parser (HA)
))
(/usr/share/texlive/texmf-dist/tex/latex/adjustbox/adjcalc.sty
Package: adjcalc 2012/05/16 v1.1 Provides advanced setlength with multiple back
-ends (calc, etex, pgfmath)
)
(/usr/share/texlive/texmf-dist/tex/latex/adjustbox/trimclip.sty
Package: trimclip 2018/04/08 v1.1 Trim and clip general TeX material

(/usr/share/texlive/texmf-dist/tex/latex/collectbox/collectbox.sty
Package: collectbox 2012/05/17 v0.4b Collect macro arguments as boxes
\collectedbox=\box115
)
\tc@llx=\dimen271
\tc@lly=\dimen272
\tc@urx=\dimen273
\tc@ury=\dimen274
Package trimclip Info: Using driver 'tc-pdftex.def'.

(/usr/share/texlive/texmf-dist/tex/latex/adjustbox/tc-pdftex.def
File: tc-pdftex.def 2019/01/04 v2.2 Clipping driver for pdftex
))
\adjbox@Width=\dimen275
\adjbox@Height=\dimen276
\adjbox@Depth=\dimen277
\adjbox@Totalheight=\dimen278
\adjbox@pwidth=\dimen279
\adjbox@pheight=\dimen280
\adjbox@pdepth=\dimen281
\adjbox@ptotalheight=\dimen282

(/usr/share/texlive/texmf-dist/tex/latex/ifoddpage/ifoddpage.sty
Package: ifoddpage 2016/04/23 v1.1 Conditionals for odd/even page detection
\c@checkoddpage=\count301
)
(/usr/share/texlive/texmf-dist/tex/latex/varwidth/varwidth.sty
Package: varwidth 2009/03/30 ver 0.92;  Variable-width minipages
\@vwid@box=\box116
\sift@deathcycles=\count302
\@vwid@loff=\dimen283
\@vwid@roff=\dimen284
))
(/usr/share/texlive/texmf-dist/tex/latex/tools/enumerate.sty
Package: enumerate 2015/07/23 v3.00 enumerate extensions (DPC)
\@enLab=\toks39
)
(/usr/share/texlive/texmf-dist/tex/latex/geometry/geometry.sty
Package: geometry 2020/01/02 v5.9 Page Geometry

(/usr/share/texlive/texmf-dist/tex/generic/iftex/ifvtex.sty
Package: ifvtex 2019/10/25 v1.7 ifvtex legacy package. Use iftex instead.
)
\Gm@cnth=\count303
\Gm@cntv=\count304
\c@Gm@tempcnt=\count305
\Gm@bindingoffset=\dimen285
\Gm@wd@mp=\dimen286
\Gm@odd@mp=\dimen287
\Gm@even@mp=\dimen288
\Gm@layoutwidth=\dimen289
\Gm@layoutheight=\dimen290
\Gm@layouthoffset=\dimen291
\Gm@layoutvoffset=\dimen292
\Gm@dimlist=\toks40
)
(/usr/share/texlive/texmf-dist/tex/latex/amsfonts/amssymb.sty
Package: amssymb 2013/01/14 v3.01 AMS font symbols

(/usr/share/texlive/texmf-dist/tex/latex/amsfonts/amsfonts.sty
Package: amsfonts 2013/01/14 v3.01 Basic AMSFonts support
\symAMSa=\mathgroup4
\symAMSb=\mathgroup5
LaTeX Font Info:    Redeclaring math symbol \hbar on input line 98.
LaTeX Font Info:    Overwriting math alphabet `\mathfrak' in version `bold'
(Font)                  U/euf/m/n --> U/euf/b/n on input line 106.
))
(/usr/share/texlive/texmf-dist/tex/latex/figsize/figsize.sty
Package: figsize 2002/03/18 v0.1 FigSize sizes graphics for graphicx package

(/usr/share/texlive/texmf-dist/tex/latex/tools/calc.sty
Package: calc 2017/05/25 v4.3 Infix arithmetic (KKT,FJ)
\calc@Acount=\count306
\calc@Bcount=\count307
\calc@Adimen=\dimen293
\calc@Bdimen=\dimen294
\calc@Askip=\skip63
\calc@Bskip=\skip64
LaTeX Info: Redefining \setlength on input line 80.
LaTeX Info: Redefining \addtolength on input line 81.
\calc@Ccount=\count308
\calc@Cskip=\skip65
)
(/usr/share/texlive/texmf-dist/tex/latex/base/ifthen.sty
Package: ifthen 2014/09/29 v1.1c Standard LaTeX ifthen package (DPC)
)
\figwidth=\skip66
\figheight=\skip67
)
Package hyperref Info: Option `breaklinks' set `true' on input line 43.
Package hyperref Info: Option `colorlinks' set `true' on input line 43.

(/usr/share/texlive/texmf-dist/tex/latex/fancyhdr/fancyhdr.sty
Package: fancyhdr 2019/01/31 v3.10 Extensive control of page headers and footer
s
\f@nch@headwidth=\skip68
\f@nch@O@elh=\skip69
\f@nch@O@erh=\skip70
\f@nch@O@olh=\skip71
\f@nch@O@orh=\skip72
\f@nch@O@elf=\skip73
\f@nch@O@erf=\skip74
\f@nch@O@olf=\skip75
\f@nch@O@orf=\skip76
)
(/usr/share/texlive/texmf-dist/tex/latex/booktabs/booktabs.sty
Package: booktabs 2020/01/12 v1.61803398 Publication quality tables
\heavyrulewidth=\dimen295
\lightrulewidth=\dimen296
\cmidrulewidth=\dimen297
\belowrulesep=\dimen298
\belowbottomsep=\dimen299
\aboverulesep=\dimen300
\abovetopsep=\dimen301
\cmidrulesep=\dimen302
\cmidrulekern=\dimen303
\defaultaddspace=\dimen304
\@cmidla=\count309
\@cmidlb=\count310
\@aboverulesep=\dimen305
\@belowrulesep=\dimen306
\@thisruleclass=\count311
\@lastruleclass=\count312
\@thisrulewidth=\dimen307
)
(/usr/share/texlive/texmf-dist/tex/latex/listings/listings.sty
\lst@mode=\count313
\lst@gtempboxa=\box117
\lst@token=\toks41
\lst@length=\count314
\lst@currlwidth=\dimen308
\lst@column=\count315
\lst@pos=\count316
\lst@lostspace=\dimen309
\lst@width=\dimen310
\lst@newlines=\count317
\lst@lineno=\count318
\lst@maxwidth=\dimen311

(/usr/share/texlive/texmf-dist/tex/latex/listings/lstmisc.sty
File: lstmisc.sty 2019/09/10 1.8c (Carsten Heinz)
\c@lstnumber=\count319
\lst@skipnumbers=\count320
\lst@framebox=\box118
)
(/usr/share/texlive/texmf-dist/tex/latex/listings/listings.cfg
File: listings.cfg 2019/09/10 1.8c listings configuration
))
Package: listings 2019/09/10 1.8c (Carsten Heinz)

(/usr/share/texlive/texmf-dist/tex/latex/algorithm2e/algorithm2e.sty
Package: algorithm2e 2017/07/18 v5.2 algorithms environments
\c@AlgoLine=\count321
\algocf@hangindent=\skip77

(/usr/share/texlive/texmf-dist/tex/latex/tools/xspace.sty
Package: xspace 2014/10/28 v1.13 Space after command names (DPC,MH)
)
(/usr/share/texlive/texmf-dist/tex/latex/relsize/relsize.sty
Package: relsize 2013/03/29 ver 4.1
)
\skiptotal=\skip78
\skiplinenumber=\skip79
\skiprule=\skip80
\skiphlne=\skip81
\skiptext=\skip82
\skiplength=\skip83
\algomargin=\skip84
\skipalgocfslide=\skip85
\algowidth=\dimen312
\inoutsize=\dimen313
\inoutindent=\dimen314
\interspacetitleruled=\dimen315
\interspacealgoruled=\dimen316
\interspacetitleboxruled=\dimen317
\algocf@ruledwidth=\skip86
\algocf@inoutbox=\box119
\algocf@inputbox=\box120
\AlCapSkip=\skip87
\AlCapHSkip=\skip88
\algoskipindent=\skip89
\algocf@nlbox=\box121
\algocf@hangingbox=\box122
\algocf@untilbox=\box123
\algocf@skipuntil=\skip90
\algocf@capbox=\box124
\algocf@lcaptionbox=\skip91
\algoheightruledefault=\skip92
\algoheightrule=\skip93
\algotitleheightruledefault=\skip94
\algotitleheightrule=\skip95
\c@algocfline=\count322
\c@algocfproc=\count323
\c@algocf=\count324
\algocf@algoframe=\box125
\algocf@algobox=\box126
))
(/usr/share/texlive/texmf-dist/tex/latex/colortbl/colortbl.sty
Package: colortbl 2020/01/04 v1.0e Color table columns (DPC)
\everycr=\toks42
\minrowclearance=\skip96
)
(/usr/share/texlive/texmf-dist/tex/latex/l3backend/l3backend-pdfmode.def
File: l3backend-pdfmode.def 2020-02-03 L3 backend support: PDF mode
\l__kernel_color_stack_int=\count325
\l__pdf_internal_box=\box127
)
(./report.aux)
\openout1 = `report.aux'.

LaTeX Font Info:    Checking defaults for OML/cmm/m/it on input line 9.
LaTeX Font Info:    ... okay on input line 9.
LaTeX Font Info:    Checking defaults for OMS/cmsy/m/n on input line 9.
LaTeX Font Info:    ... okay on input line 9.
LaTeX Font Info:    Checking defaults for OT1/cmr/m/n on input line 9.
LaTeX Font Info:    ... okay on input line 9.
LaTeX Font Info:    Checking defaults for T1/cmr/m/n on input line 9.
LaTeX Font Info:    ... okay on input line 9.
LaTeX Font Info:    Checking defaults for TS1/cmr/m/n on input line 9.
LaTeX Font Info:    ... okay on input line 9.
LaTeX Font Info:    Checking defaults for OMX/cmex/m/n on input line 9.
LaTeX Font Info:    ... okay on input line 9.
LaTeX Font Info:    Checking defaults for U/cmr/m/n on input line 9.
LaTeX Font Info:    ... okay on input line 9.
LaTeX Font Info:    Checking defaults for PD1/pdf/m/n on input line 9.
LaTeX Font Info:    ... okay on input line 9.
 ABD: EveryShipout initializing macros
(/usr/share/texlive/texmf-dist/tex/context/base/mkii/supp-pdf.mkii
[Loading MPS to PDF converter (version 2006.09.02).]
\scratchcounter=\count326
\scratchdimen=\dimen318
\scratchbox=\box128
\nofMPsegments=\count327
\nofMParguments=\count328
\everyMPshowfont=\toks43
\MPscratchCnt=\count329
\MPscratchDim=\dimen319
\MPnumerator=\count330
\makeMPintoPDFobject=\count331
\everyMPtoPDFconversion=\toks44
) (/usr/share/texlive/texmf-dist/tex/latex/epstopdf-pkg/epstopdf-base.sty
Package: epstopdf-base 2020-01-24 v2.11 Base part for package epstopdf
Package epstopdf-base Info: Redefining graphics rule for `.eps' on input line 4
85.

(/usr/share/texlive/texmf-dist/tex/latex/latexconfig/epstopdf-sys.cfg
File: epstopdf-sys.cfg 2010/07/13 v1.3 Configuration of (r)epstopdf for TeX Liv
e
))
\AtBeginShipoutBox=\box129
Package hyperref Info: Link coloring ON on input line 9.

(/usr/share/texlive/texmf-dist/tex/latex/hyperref/nameref.sty
Package: nameref 2019/09/16 v2.46 Cross-referencing by name of section

(/usr/share/texlive/texmf-dist/tex/latex/refcount/refcount.sty
Package: refcount 2019/12/15 v3.6 Data extraction from label references (HO)
)
(/usr/share/texlive/texmf-dist/tex/generic/gettitlestring/gettitlestring.sty
Package: gettitlestring 2019/12/15 v1.6 Cleanup title references (HO)
)
\c@section@level=\count332
)
LaTeX Info: Redefining \ref on input line 9.
LaTeX Info: Redefining \pageref on input line 9.
LaTeX Info: Redefining \nameref on input line 9.

(./report.out) (./report.out)
\@outlinefile=\write6
\openout6 = `report.out'.

Package caption Info: Begin \AtBeginDocument code.
Package caption Info: listings package is loaded.
Package caption Info: End \AtBeginDocument code.

*geometry* driver: auto-detecting
*geometry* detected driver: pdftex

Package geometry Warning: The marginal notes overrun the paper.
     Add 25.63757pt and more to the right margin.

*geometry* verbose mode - [ preamble ] result:
* driver: pdftex
* paper: <default>
* layout: <same size as paper>
* layoutoffset:(h,v)=(0.0pt,0.0pt)
* modes: 
* h-part:(L,W,R)=(43.36243pt, 527.57014pt, 43.36243pt)
* v-part:(T,H,B)=(72.26999pt, 650.43001pt, 72.26999pt)
* \paperwidth=614.295pt
* \paperheight=794.96999pt
* \textwidth=527.57014pt
* \textheight=650.43001pt
* \oddsidemargin=-28.90756pt
* \evensidemargin=-28.90756pt
* \topmargin=-37.0pt
* \headheight=12.0pt
* \headsep=25.0pt
* \topskip=11.0pt
* \footskip=30.0pt
* \marginparwidth=59.0pt
* \marginparsep=10.0pt
* \columnsep=10.0pt
* \skip\footins=10.0pt plus 4.0pt minus 2.0pt
* \hoffset=0.0pt
* \voffset=0.0pt
* \mag=1000
* \@twocolumnfalse
* \@twosidefalse
* \@mparswitchfalse
* \@reversemarginfalse
* (1in=72.27pt=25.4mm, 1cm=28.453pt)

\c@lstlisting=\count333
LaTeX Font Info:    Trying to load font information for U+msa on input line 12.

(/usr/share/texlive/texmf-dist/tex/latex/amsfonts/umsa.fd
File: umsa.fd 2013/01/14 v3.01 AMS symbols A
)
LaTeX Font Info:    Trying to load font information for U+msb on input line 12.


(/usr/share/texlive/texmf-dist/tex/latex/amsfonts/umsb.fd
File: umsb.fd 2013/01/14 v3.01 AMS symbols B
)

Package hyperref Warning: Suppressing empty link on input line 15.


Package hyperref Warning: Suppressing empty link on input line 15.


Underfull \hbox (badness 6380) in paragraph at lines 36--39
\OT1/cmtt/m/n/10.95 min[]samples[]leaf=1\OT1/cmr/m/n/10.95 , \OT1/cmtt/m/n/10.9
5 min[]weight[]fraction[]leaf=0.0\OT1/cmr/m/n/10.95 , \OT1/cmtt/m/n/10.95 max[]
features='auto'\OT1/cmr/m/n/10.95 , \OT1/cmtt/m/n/10.95 max[]leaf[]nodes =
 []

[1

{/var/lib/texmf/fonts/map/pdftex/updmap/pdftex.map}]
Underfull \hbox (badness 10000) in paragraph at lines 40--43
\OT1/cmtt/m/n/10.95 early[]stopping=False\OT1/cmr/m/n/10.95 , \OT1/cmtt/m/n/10.
95 validation[]fraction=0.1\OT1/cmr/m/n/10.95 , \OT1/cmtt/m/n/10.95 n[]iter[]no
[]change=5\OT1/cmr/m/n/10.95 , \OT1/cmtt/m/n/10.95 class[]weight=None\OT1/cmr/m
/n/10.95 ,
 []


Underfull \hbox (badness 1173) in paragraph at lines 44--47
[]\OT1/cmr/bx/n/10.95 Multi layer per-cep-tron\OT1/cmr/m/n/10.95 : 2 Relu ac-ti
-va-tion lay-ers 256, 1 soft-max ac-ti-va-tion 10 \OT1/cmtt/m/n/10.95 epochs=15
\OT1/cmr/m/n/10.95 ,
 []

<figures/Example_picture_Cifar.pdf, id=107, 433.62pt x 289.08pt>
File: figures/Example_picture_Cifar.pdf Graphic file (type pdf)
<use figures/Example_picture_Cifar.pdf>
Package pdftex.def Info: figures/Example_picture_Cifar.pdf  used on input line 
61.
(pdftex.def)             Requested size: 211.02483pt x 140.68442pt.
<figures/Example_picture_Cifar_hist.pdf, id=108, 433.62pt x 289.08pt>
File: figures/Example_picture_Cifar_hist.pdf Graphic file (type pdf)
<use figures/Example_picture_Cifar_hist.pdf>
Package pdftex.def Info: figures/Example_picture_Cifar_hist.pdf  used on input 
line 64.
(pdftex.def)             Requested size: 316.5453pt x 211.03987pt.
<figures/Example_picture_Tiny_Image.pdf, id=109, 433.62pt x 289.08pt>
File: figures/Example_picture_Tiny_Image.pdf Graphic file (type pdf)
<use figures/Example_picture_Tiny_Image.pdf>
Package pdftex.def Info: figures/Example_picture_Tiny_Image.pdf  used on input 
line 67.
(pdftex.def)             Requested size: 211.02483pt x 140.68442pt.
<figures/Example_picture_Tiny_Image_hist.pdf, id=110, 433.62pt x 289.08pt>
File: figures/Example_picture_Tiny_Image_hist.pdf Graphic file (type pdf)
<use figures/Example_picture_Tiny_Image_hist.pdf>
Package pdftex.def Info: figures/Example_picture_Tiny_Image_hist.pdf  used on i
nput line 70.
(pdftex.def)             Requested size: 316.5453pt x 211.03987pt.

Overfull \hbox (2.43332pt too wide) in paragraph at lines 60--72
[]$[]$ $[]$
 []


Overfull \hbox (2.43332pt too wide) in paragraph at lines 60--72
[]$ $[]$ 
 []


Underfull \hbox (badness 10000) in paragraph at lines 57--74

 []


Package Fancyhdr Warning: \headheight is too small (12.0pt): 
Make it at least 25.16252pt.
We now make it that large for the rest of the document.
This may cause the page layout to be inconsistent, however.

[2]

LaTeX Warning: Reference `Accuracy_Tiny_Image' on page 3 undefined on input lin
e 84.

[3 <./figures/Example_picture_Cifar.pdf> <./figures/Example_picture_Cifar_hist.
pdf

pdfTeX warning: pdflatex (file ./figures/Example_picture_Cifar_hist.pdf): PDF i
nclusion: multiple pdfs with page group included in a single page
> <./figures/Example_picture_Tiny_Image.pdf

pdfTeX warning: pdflatex (file ./figures/Example_picture_Tiny_Image.pdf): PDF i
nclusion: multiple pdfs with page group included in a single page
> <./figures/Example_picture_Tiny_Image_hist.pdf

pdfTeX warning: pdflatex (file ./figures/Example_picture_Tiny_Image_hist.pdf): 
PDF inclusion: multiple pdfs with page group included in a single page
>]
<figures/Cifar/Accuracy_color_hist.pdf, id=182, 361.35pt x 361.35pt>
File: figures/Cifar/Accuracy_color_hist.pdf Graphic file (type pdf)
<use figures/Cifar/Accuracy_color_hist.pdf>
Package pdftex.def Info: figures/Cifar/Accuracy_color_hist.pdf  used on input l
ine 94.
(pdftex.def)             Requested size: 263.78506pt x 263.78882pt.
<figures/Cifar/Accuracy_BOW.pdf, id=183, 433.62pt x 289.08pt>
File: figures/Cifar/Accuracy_BOW.pdf Graphic file (type pdf)
<use figures/Cifar/Accuracy_BOW.pdf>
Package pdftex.def Info: figures/Cifar/Accuracy_BOW.pdf  used on input line 97.

(pdftex.def)             Requested size: 263.78506pt x 175.86656pt.

Overfull \hbox (2.43332pt too wide) in paragraph at lines 93--99
[]$[]$ $[]$ 
 []

<figures/Cifar/CM__NB_color_hist.pdf, id=184, 433.62pt x 289.08pt>
File: figures/Cifar/CM__NB_color_hist.pdf Graphic file (type pdf)
<use figures/Cifar/CM__NB_color_hist.pdf>
Package pdftex.def Info: figures/Cifar/CM__NB_color_hist.pdf  used on input lin
e 107.
(pdftex.def)             Requested size: 263.78506pt x 175.86656pt.
<figures/Cifar/CM__Rndf_color_hist.pdf, id=185, 433.62pt x 289.08pt>
File: figures/Cifar/CM__Rndf_color_hist.pdf Graphic file (type pdf)
<use figures/Cifar/CM__Rndf_color_hist.pdf>
Package pdftex.def Info: figures/Cifar/CM__Rndf_color_hist.pdf  used on input l
ine 110.
(pdftex.def)             Requested size: 263.78506pt x 175.86656pt.
<figures/Cifar/CM__ppn_color_hist.pdf, id=186, 433.62pt x 289.08pt>
File: figures/Cifar/CM__ppn_color_hist.pdf Graphic file (type pdf)
<use figures/Cifar/CM__ppn_color_hist.pdf>
Package pdftex.def Info: figures/Cifar/CM__ppn_color_hist.pdf  used on input li
ne 113.
(pdftex.def)             Requested size: 263.78506pt x 175.86656pt.
<figures/Cifar/CM__MLP_color_hist.pdf, id=187, 433.62pt x 289.08pt>
File: figures/Cifar/CM__MLP_color_hist.pdf Graphic file (type pdf)
<use figures/Cifar/CM__MLP_color_hist.pdf>
Package pdftex.def Info: figures/Cifar/CM__MLP_color_hist.pdf  used on input li
ne 116.
(pdftex.def)             Requested size: 263.78506pt x 175.86656pt.

Overfull \hbox (2.43332pt too wide) in paragraph at lines 106--118
[]$[]$ $[]$
 []


Overfull \hbox (2.43332pt too wide) in paragraph at lines 106--118
[]$ $[]$ 
 []

[4 <./figures/Cifar/Accuracy_color_hist.pdf> <./figures/Cifar/Accuracy_BOW.pdf

pdfTeX warning: pdflatex (file ./figures/Cifar/Accuracy_BOW.pdf): PDF inclusion
: multiple pdfs with page group included in a single page
>]
<figures/Cifar/CM__NB_BOW.pdf, id=286, 433.62pt x 289.08pt>
File: figures/Cifar/CM__NB_BOW.pdf Graphic file (type pdf)
<use figures/Cifar/CM__NB_BOW.pdf>
Package pdftex.def Info: figures/Cifar/CM__NB_BOW.pdf  used on input line 125.
(pdftex.def)             Requested size: 263.78506pt x 175.86656pt.
<figures/Cifar/CM__Rndf_BOW.pdf, id=287, 433.62pt x 289.08pt>
File: figures/Cifar/CM__Rndf_BOW.pdf Graphic file (type pdf)
<use figures/Cifar/CM__Rndf_BOW.pdf>
Package pdftex.def Info: figures/Cifar/CM__Rndf_BOW.pdf  used on input line 128
.
(pdftex.def)             Requested size: 263.78506pt x 175.86656pt.
<figures/Cifar/CM__ppn_BOW.pdf, id=288, 433.62pt x 289.08pt>
File: figures/Cifar/CM__ppn_BOW.pdf Graphic file (type pdf)
<use figures/Cifar/CM__ppn_BOW.pdf>
Package pdftex.def Info: figures/Cifar/CM__ppn_BOW.pdf  used on input line 131.

(pdftex.def)             Requested size: 263.78506pt x 175.86656pt.
<figures/Cifar/CM__MLP_BOW.pdf, id=289, 433.62pt x 289.08pt>
File: figures/Cifar/CM__MLP_BOW.pdf Graphic file (type pdf)
<use figures/Cifar/CM__MLP_BOW.pdf>
Package pdftex.def Info: figures/Cifar/CM__MLP_BOW.pdf  used on input line 134.

(pdftex.def)             Requested size: 263.78506pt x 175.86656pt.

Overfull \hbox (2.43332pt too wide) in paragraph at lines 124--136
[]$[]$ $[]$
 []


Overfull \hbox (2.43332pt too wide) in paragraph at lines 124--136
[]$ $[]$ 
 []

[5 <./figures/Cifar/CM__NB_color_hist.pdf> <./figures/Cifar/CM__Rndf_color_hist
.pdf

pdfTeX warning: pdflatex (file ./figures/Cifar/CM__Rndf_color_hist.pdf): PDF in
clusion: multiple pdfs with page group included in a single page
> <./figures/Cifar/CM__ppn_color_hist.pdf

pdfTeX warning: pdflatex (file ./figures/Cifar/CM__ppn_color_hist.pdf): PDF inc
lusion: multiple pdfs with page group included in a single page
> <./figures/Cifar/CM__MLP_color_hist.pdf

pdfTeX warning: pdflatex (file ./figures/Cifar/CM__MLP_color_hist.pdf): PDF inc
lusion: multiple pdfs with page group included in a single page
>]
<figures/Cifar/time_prepro.pdf, id=419, 433.62pt x 289.08pt>
File: figures/Cifar/time_prepro.pdf Graphic file (type pdf)
<use figures/Cifar/time_prepro.pdf>
Package pdftex.def Info: figures/Cifar/time_prepro.pdf  used on input line 142.

(pdftex.def)             Requested size: 158.27264pt x 105.51552pt.
<figures/Cifar/time_training.pdf, id=420, 433.62pt x 289.08pt>
File: figures/Cifar/time_training.pdf Graphic file (type pdf)
<use figures/Cifar/time_training.pdf>
Package pdftex.def Info: figures/Cifar/time_training.pdf  used on input line 14
5.
(pdftex.def)             Requested size: 158.27264pt x 105.51552pt.
<figures/Cifar/time_training_test.pdf, id=421, 433.62pt x 289.08pt>
File: figures/Cifar/time_training_test.pdf Graphic file (type pdf)
<use figures/Cifar/time_training_test.pdf>
Package pdftex.def Info: figures/Cifar/time_training_test.pdf  used on input li
ne 148.
(pdftex.def)             Requested size: 158.27264pt x 105.51552pt.
 [6 <./figures/Cifar/CM__NB_BOW.pdf> <./figures/Cifar/CM__Rndf_BOW.pdf

pdfTeX warning: pdflatex (file ./figures/Cifar/CM__Rndf_BOW.pdf): PDF inclusion
: multiple pdfs with page group included in a single page
> <./figures/Cifar/CM__ppn_BOW.pdf

pdfTeX warning: pdflatex (file ./figures/Cifar/CM__ppn_BOW.pdf): PDF inclusion:
 multiple pdfs with page group included in a single page
> <./figures/Cifar/CM__MLP_BOW.pdf

pdfTeX warning: pdflatex (file ./figures/Cifar/CM__MLP_BOW.pdf): PDF inclusion:
 multiple pdfs with page group included in a single page
> <./figures/Cifar/time_prepro.pdf

pdfTeX warning: pdflatex (file ./figures/Cifar/time_prepro.pdf): PDF inclusion:
 multiple pdfs with page group included in a single page
> <./figures/Cifar/time_training.pdf

pdfTeX warning: pdflatex (file ./figures/Cifar/time_training.pdf): PDF inclusio
n: multiple pdfs with page group included in a single page
> <./figures/Cifar/time_training_test.pdf

pdfTeX warning: pdflatex (file ./figures/Cifar/time_training_test.pdf): PDF inc
lusion: multiple pdfs with page group included in a single page
>]
<./pictures/squeezeNet_cifar10_noaug.pdf, id=654, 416.99738pt x 293.43915pt>
File: ./pictures/squeezeNet_cifar10_noaug.pdf Graphic file (type pdf)
<use ./pictures/squeezeNet_cifar10_noaug.pdf>
Package pdftex.def Info: ./pictures/squeezeNet_cifar10_noaug.pdf  used on input
 line 241.
(pdftex.def)             Requested size: 237.40495pt x 167.06503pt.
<./pictures/squeezeNet_cifar10_aug.pdf, id=655, 416.99738pt x 293.43915pt>
File: ./pictures/squeezeNet_cifar10_aug.pdf Graphic file (type pdf)
<use ./pictures/squeezeNet_cifar10_aug.pdf>
Package pdftex.def Info: ./pictures/squeezeNet_cifar10_aug.pdf  used on input l
ine 243.
(pdftex.def)             Requested size: 237.40495pt x 167.06503pt.
 [7]
<./pictures/squeezeNet_cifar10_aug_confmat.pdf, id=666, 560.01157pt x 570.60364
pt>
File: ./pictures/squeezeNet_cifar10_aug_confmat.pdf Graphic file (type pdf)
<use ./pictures/squeezeNet_cifar10_aug_confmat.pdf>
Package pdftex.def Info: ./pictures/squeezeNet_cifar10_aug_confmat.pdf  used on
 input line 254.
(pdftex.def)             Requested size: 237.40495pt x 241.89822pt.
<./pictures/res50Net_cifar10_aug_confmat.pdf, id=667, 560.01157pt x 570.60364pt
>
File: ./pictures/res50Net_cifar10_aug_confmat.pdf Graphic file (type pdf)
<use ./pictures/res50Net_cifar10_aug_confmat.pdf>
Package pdftex.def Info: ./pictures/res50Net_cifar10_aug_confmat.pdf  used on i
nput line 256.
(pdftex.def)             Requested size: 237.40495pt x 241.89822pt.
 [8 <./pictures/squeezeNet_cifar10_noaug.pdf> <./pictures/squeezeNet_cifar10_au
g.pdf

pdfTeX warning: pdflatex (file ./pictures/squeezeNet_cifar10_aug.pdf): PDF incl
usion: multiple pdfs with page group included in a single page
> <./pictures/squeezeNet_cifar10_aug_confmat.pdf

pdfTeX warning: pdflatex (file ./pictures/squeezeNet_cifar10_aug_confmat.pdf): 
PDF inclusion: multiple pdfs with page group included in a single page
> <./pictures/res50Net_cifar10_aug_confmat.pdf

pdfTeX warning: pdflatex (file ./pictures/res50Net_cifar10_aug_confmat.pdf): PD
F inclusion: multiple pdfs with page group included in a single page
>]
<./pictures/res50Net_cifar10_noaug.pdf, id=800, 416.99738pt x 293.43915pt>
File: ./pictures/res50Net_cifar10_noaug.pdf Graphic file (type pdf)
<use ./pictures/res50Net_cifar10_noaug.pdf>
Package pdftex.def Info: ./pictures/res50Net_cifar10_noaug.pdf  used on input l
ine 270.
(pdftex.def)             Requested size: 237.40495pt x 167.06503pt.
<./pictures/res50Net_cifar10_aug.pdf, id=801, 420.12135pt x 293.43915pt>
File: ./pictures/res50Net_cifar10_aug.pdf Graphic file (type pdf)
<use ./pictures/res50Net_cifar10_aug.pdf>
Package pdftex.def Info: ./pictures/res50Net_cifar10_aug.pdf  used on input lin
e 272.
(pdftex.def)             Requested size: 237.40495pt x 165.82028pt.
<./pictures/squeezeNetTIN_noaug.pdf, id=805, 416.99738pt x 293.43915pt>
File: ./pictures/squeezeNetTIN_noaug.pdf Graphic file (type pdf)
<use ./pictures/squeezeNetTIN_noaug.pdf>
Package pdftex.def Info: ./pictures/squeezeNetTIN_noaug.pdf  used on input line
 289.
(pdftex.def)             Requested size: 237.40495pt x 167.06503pt.
<./pictures/squeezeNetTIN_aug.pdf, id=806, 416.99738pt x 293.43915pt>
File: ./pictures/squeezeNetTIN_aug.pdf Graphic file (type pdf)
<use ./pictures/squeezeNetTIN_aug.pdf>
Package pdftex.def Info: ./pictures/squeezeNetTIN_aug.pdf  used on input line 2
91.
(pdftex.def)             Requested size: 237.40495pt x 167.06503pt.
 [9 <./pictures/res50Net_cifar10_noaug.pdf> <./pictures/res50Net_cifar10_aug.pd
f

pdfTeX warning: pdflatex (file ./pictures/res50Net_cifar10_aug.pdf): PDF inclus
ion: multiple pdfs with page group included in a single page
>]
<./pictures/squeezeNet_TIN_aug_confmat.pdf, id=841, 559.84218pt x 570.60364pt>
File: ./pictures/squeezeNet_TIN_aug_confmat.pdf Graphic file (type pdf)
<use ./pictures/squeezeNet_TIN_aug_confmat.pdf>
Package pdftex.def Info: ./pictures/squeezeNet_TIN_aug_confmat.pdf  used on inp
ut line 302.
(pdftex.def)             Requested size: 237.40495pt x 241.96788pt.
<./pictures/res50Net_TIN_aug_confmat.pdf, id=842, 559.84218pt x 570.60364pt>
File: ./pictures/res50Net_TIN_aug_confmat.pdf Graphic file (type pdf)
<use ./pictures/res50Net_TIN_aug_confmat.pdf>
Package pdftex.def Info: ./pictures/res50Net_TIN_aug_confmat.pdf  used on input
 line 304.
(pdftex.def)             Requested size: 237.40495pt x 241.96788pt.
 [10 <./pictures/squeezeNetTIN_noaug.pdf> <./pictures/squeezeNetTIN_aug.pdf

pdfTeX warning: pdflatex (file ./pictures/squeezeNetTIN_aug.pdf): PDF inclusion
: multiple pdfs with page group included in a single page
>]
Overfull \hbox (18.52942pt too wide) in paragraph at lines 315--331
[][] 
 []

[11 <./pictures/squeezeNet_TIN_aug_confmat.pdf> <./pictures/res50Net_TIN_aug_co
nfmat.pdf

pdfTeX warning: pdflatex (file ./pictures/res50Net_TIN_aug_confmat.pdf): PDF in
clusion: multiple pdfs with page group included in a single page
>]
<./pictures/res50NetTIN_noaug.pdf, id=969, 416.99738pt x 293.43915pt>
File: ./pictures/res50NetTIN_noaug.pdf Graphic file (type pdf)
<use ./pictures/res50NetTIN_noaug.pdf>
Package pdftex.def Info: ./pictures/res50NetTIN_noaug.pdf  used on input line 3
44.
(pdftex.def)             Requested size: 237.40495pt x 167.06503pt.
<./pictures/res50Net_TIN_aug.pdf, id=970, 423.38063pt x 293.43915pt>
File: ./pictures/res50Net_TIN_aug.pdf Graphic file (type pdf)
<use ./pictures/res50Net_TIN_aug.pdf>
Package pdftex.def Info: ./pictures/res50Net_TIN_aug.pdf  used on input line 34
6.
(pdftex.def)             Requested size: 237.40495pt x 164.53972pt.

Overfull \hbox (15.24446pt too wide) in paragraph at lines 358--374
[][] 
 []


LaTeX Warning: `h' float specifier changed to `ht'.

[12 <./pictures/res50NetTIN_noaug.pdf> <./pictures/res50Net_TIN_aug.pdf

pdfTeX warning: pdflatex (file ./pictures/res50Net_TIN_aug.pdf): PDF inclusion:
 multiple pdfs with page group included in a single page
>] [13] (./report.bbl) [14]
Package atveryend Info: Empty hook `BeforeClearDocument' on input line 388.
Package atveryend Info: Empty hook `AfterLastShipout' on input line 388.
 (./report.aux)
Package atveryend Info: Executing hook `AtVeryEndDocument' on input line 388.
Package atveryend Info: Executing hook `AtEndAfterFileList' on input line 388.
Package rerunfilecheck Info: File `report.out' has not changed.
(rerunfilecheck)             Checksum: 0EB215B4CCE27A5D9B4EBB9FE05C4BC9;1136.


LaTeX Warning: There were undefined references.

 ) 
Here is how much of TeX's memory you used:
 22820 strings out of 481239
 411683 string characters out of 5920378
 687609 words of memory out of 5000000
 37537 multiletter control sequences out of 15000+600000
 543262 words of font info for 66 fonts, out of 8000000 for 9000
 1141 hyphenation exceptions out of 8191
 62i,11n,77p,1152b,419s stack positions out of 5000i,500n,10000p,200000b,80000s
{/usr/share/texmf/fonts/enc/dvips/cm-super/cm-super-ts1.enc}</usr/share/texli
ve/texmf-dist/fonts/type1/public/amsfonts/cm/cmbx10.pfb></usr/share/texlive/tex
mf-dist/fonts/type1/public/amsfonts/cm/cmbx12.pfb></usr/share/texlive/texmf-dis
t/fonts/type1/public/amsfonts/cm/cmmi10.pfb></usr/share/texlive/texmf-dist/font
s/type1/public/amsfonts/cm/cmr10.pfb></usr/share/texlive/texmf-dist/fonts/type1
/public/amsfonts/cm/cmr12.pfb></usr/share/texlive/texmf-dist/fonts/type1/public
/amsfonts/cm/cmr17.pfb></usr/share/texlive/texmf-dist/fonts/type1/public/amsfon
ts/cm/cmr6.pfb></usr/share/texlive/texmf-dist/fonts/type1/public/amsfonts/cm/cm
r8.pfb></usr/share/texlive/texmf-dist/fonts/type1/public/amsfonts/cm/cmr9.pfb><
/usr/share/texlive/texmf-dist/fonts/type1/public/amsfonts/cm/cmsy10.pfb></usr/s
hare/texlive/texmf-dist/fonts/type1/public/amsfonts/cm/cmsy8.pfb></usr/share/te
xlive/texmf-dist/fonts/type1/public/amsfonts/cm/cmti10.pfb></usr/share/texlive/
texmf-dist/fonts/type1/public/amsfonts/cm/cmtt10.pfb></usr/share/texlive/texmf-
dist/fonts/type1/public/amsfonts/cm/cmtt9.pfb></usr/share/texmf/fonts/type1/pub
lic/cm-super/sfrm1095.pfb>
Output written on report.pdf (14 pages, 535233 bytes).
PDF statistics:
 1087 PDF objects out of 1200 (max. 8388607)
 448 compressed objects within 5 object streams
 71 named destinations out of 1000 (max. 500000)
 302 words of extra memory for PDF output out of 10000 (max. 10000000)

